{
  "stats": {
    "suites": 4,
    "tests": 13,
    "passes": 12,
    "pending": 0,
    "failures": 1,
    "start": "2025-04-14T11:13:08.805Z",
    "end": "2025-04-14T11:13:17.474Z",
    "duration": 8669,
    "testsRegistered": 13,
    "passPercent": 92.3076923076923,
    "pendingPercent": 0,
    "other": 0,
    "hasOther": false,
    "skipped": 0,
    "hasSkipped": false
  },
  "results": [
    {
      "uuid": "784cab9e-3907-4950-b2ea-b6eda5d7a296",
      "title": "",
      "fullFile": "",
      "file": "",
      "beforeHooks": [],
      "afterHooks": [],
      "tests": [],
      "suites": [
        {
          "uuid": "7ea5a0f1-eb8b-4328-bbbe-1291fe2e0172",
          "title": "Login",
          "fullFile": "D:\\Projetos\\api\\serveRest_api\\test\\login\\loginUser.test.js",
          "file": "\\test\\login\\loginUser.test.js",
          "beforeHooks": [],
          "afterHooks": [],
          "tests": [
            {
              "title": "Login success",
              "fullTitle": "Login Login success",
              "timedOut": false,
              "duration": 1610,
              "state": "passed",
              "speed": "slow",
              "pass": true,
              "fail": false,
              "pending": false,
              "context": null,
              "code": "const reqUserBody = createUserBody()\nconst userCreationResponse = await registerUser(reqUserBody)\nexpect(userCreationResponse.status).to.be.eql(201)\nconst user = reqUserBody.email\nconst password = reqUserBody.password\nconst login = { email: user, password: password }\nconst response = await loginUser(login)\nexpect(response.status).to.be.eql(200)\nJoi.assert(response.body, loginUserSchema)",
              "err": {},
              "uuid": "a908ba38-be11-4202-bb5e-b3e68c51aed3",
              "parentUUID": "7ea5a0f1-eb8b-4328-bbbe-1291fe2e0172",
              "isHook": false,
              "skipped": false
            },
            {
              "title": "Invalid password",
              "fullTitle": "Login Invalid password",
              "timedOut": false,
              "duration": 319,
              "state": "passed",
              "speed": "slow",
              "pass": true,
              "fail": false,
              "pending": false,
              "context": null,
              "code": "const reqUserBody = { email: \"fulano@qa.com\", password: \"\" }\nconst response = await loginUser(reqUserBody)\nexpect(response.status).to.be.eql(400)\nexpect(response.body.password).to.be.eql('password não pode ficar em branco')",
              "err": {},
              "uuid": "e95ffb75-575b-48a5-b79c-fc3d35a0440e",
              "parentUUID": "7ea5a0f1-eb8b-4328-bbbe-1291fe2e0172",
              "isHook": false,
              "skipped": false
            },
            {
              "title": "Invalid email",
              "fullTitle": "Login Invalid email",
              "timedOut": false,
              "duration": 305,
              "state": "passed",
              "speed": "slow",
              "pass": true,
              "fail": false,
              "pending": false,
              "context": null,
              "code": "const reqUserBody = { email: \"\", password: \"teste123\" }\nconst response = await loginUser(reqUserBody)\nexpect(response.status).to.be.eql(400)\nexpect(response.body.email).to.be.eql('email não pode ficar em branco')",
              "err": {},
              "uuid": "cbdabfa4-c462-47dd-a4ae-d843ce9573b3",
              "parentUUID": "7ea5a0f1-eb8b-4328-bbbe-1291fe2e0172",
              "isHook": false,
              "skipped": false
            }
          ],
          "suites": [],
          "passes": [
            "a908ba38-be11-4202-bb5e-b3e68c51aed3",
            "e95ffb75-575b-48a5-b79c-fc3d35a0440e",
            "cbdabfa4-c462-47dd-a4ae-d843ce9573b3"
          ],
          "failures": [],
          "pending": [],
          "skipped": [],
          "duration": 2234,
          "root": false,
          "rootEmpty": false,
          "_timeout": 30000
        },
        {
          "uuid": "332c5037-129d-413e-bf57-c20e8c0b491a",
          "title": "Find Users",
          "fullFile": "D:\\Projetos\\api\\serveRest_api\\test\\users\\getUser.test.js",
          "file": "\\test\\users\\getUser.test.js",
          "beforeHooks": [
            {
              "title": "\"before all\" hook in \"Find Users\"",
              "fullTitle": "Find Users \"before all\" hook in \"Find Users\"",
              "timedOut": false,
              "duration": 308,
              "state": null,
              "speed": null,
              "pass": false,
              "fail": false,
              "pending": false,
              "context": null,
              "code": "userData = createUserBody()\nuserRegistered = await registerUser(userData)",
              "err": {},
              "uuid": "c09edc49-1231-43b2-89af-b22957a2926f",
              "parentUUID": "332c5037-129d-413e-bf57-c20e8c0b491a",
              "isHook": true,
              "skipped": false
            }
          ],
          "afterHooks": [],
          "tests": [
            {
              "title": "Get user by ID",
              "fullTitle": "Find Users Get user by ID",
              "timedOut": false,
              "duration": 312,
              "state": "passed",
              "speed": "slow",
              "pass": true,
              "fail": false,
              "pending": false,
              "context": null,
              "code": "const response = await getUser({ _id: userRegistered.body._id })\nexpect(response.status).to.be.eql(200)\nexpect(response.body.usuarios[0]._id).to.be.eql(userRegistered.body._id)\nJoi.assert(response.body.usuarios[0], getUserSchema)",
              "err": {},
              "uuid": "6a938593-1439-4532-9fbd-c55c6080ba3b",
              "parentUUID": "332c5037-129d-413e-bf57-c20e8c0b491a",
              "isHook": false,
              "skipped": false
            },
            {
              "title": "Get user by Name",
              "fullTitle": "Find Users Get user by Name",
              "timedOut": false,
              "duration": 310,
              "state": "passed",
              "speed": "slow",
              "pass": true,
              "fail": false,
              "pending": false,
              "context": null,
              "code": "const response = await getUser({ nome: userData.nome })\nexpect(response.status).to.be.eql(200)\nexpect(response.body.usuarios[0].nome).to.be.eql(userData.nome)",
              "err": {},
              "uuid": "f9ec9ed9-dfae-461d-9041-91c07ca23985",
              "parentUUID": "332c5037-129d-413e-bf57-c20e8c0b491a",
              "isHook": false,
              "skipped": false
            },
            {
              "title": "Get user by Email",
              "fullTitle": "Find Users Get user by Email",
              "timedOut": false,
              "duration": 323,
              "state": "passed",
              "speed": "slow",
              "pass": true,
              "fail": false,
              "pending": false,
              "context": null,
              "code": "const response = await getUser({ email: userData.email })\nexpect(response.status).to.be.eql(200)\nexpect(response.body.usuarios[0].email).to.be.eql(userData.email)",
              "err": {},
              "uuid": "ac1f6d91-3e93-4506-bb15-c0c20f1c99ee",
              "parentUUID": "332c5037-129d-413e-bf57-c20e8c0b491a",
              "isHook": false,
              "skipped": false
            },
            {
              "title": "Get user by Administrador",
              "fullTitle": "Find Users Get user by Administrador",
              "timedOut": false,
              "duration": 762,
              "state": "passed",
              "speed": "slow",
              "pass": true,
              "fail": false,
              "pending": false,
              "context": null,
              "code": "const response = await getUser({ administrador: 'true' })\nexpect(response.status).to.be.eql(200)\nresponse.body.usuarios.forEach(userData => {\n  expect(userData.administrador).to.be.eql('true')\n});",
              "err": {},
              "uuid": "ec64e6c4-669f-4080-b084-7108f96d8b45",
              "parentUUID": "332c5037-129d-413e-bf57-c20e8c0b491a",
              "isHook": false,
              "skipped": false
            }
          ],
          "suites": [],
          "passes": [
            "6a938593-1439-4532-9fbd-c55c6080ba3b",
            "f9ec9ed9-dfae-461d-9041-91c07ca23985",
            "ac1f6d91-3e93-4506-bb15-c0c20f1c99ee",
            "ec64e6c4-669f-4080-b084-7108f96d8b45"
          ],
          "failures": [],
          "pending": [],
          "skipped": [],
          "duration": 1707,
          "root": false,
          "rootEmpty": false,
          "_timeout": 30000
        },
        {
          "uuid": "1cb89d81-2ad6-4e66-a6c3-991aeaec41cf",
          "title": "Product Tests",
          "fullFile": "D:\\Projetos\\api\\serveRest_api\\test\\users\\product.test.js",
          "file": "\\test\\users\\product.test.js",
          "beforeHooks": [],
          "afterHooks": [],
          "tests": [
            {
              "title": "Get products",
              "fullTitle": "Product Tests Get products",
              "timedOut": false,
              "duration": 629,
              "state": "failed",
              "speed": null,
              "pass": false,
              "fail": true,
              "pending": false,
              "context": null,
              "code": "const response = await getProduct()\nexpect(response.status).to.be.eql(200)\njoi.assert(response.body, productSchema)",
              "err": {
                "message": "ValidationError: {\n  \"quantidade\": 313,\n  \"produtos\": [\n    {\n      \"nome\": \"Bespoke Rubber Chair\",\n      \"preco\": 89,\n      \"descricao\": \"Savor the fresh essence in our Shoes, designed for nifty culinary adventures\",\n      \"quantidade\": 25,\n      \"_id\": \"06X078gYafBy7yr8\"\n    },\n    {\n      \"nome\": \"Ergonomic Cotton Shoes\",\n      \"preco\": 500,\n      \"descricao\": \"Stylish Pizza designed to make you stand out with experienced looks\",\n      \"quantidade\": 10,\n      \"_id\": \"0PKJuZXopszoaa8t\"\n    },\n    {\n      \"nome\": \"Bug Pro Max - iGo\",\n      \"preco\": 99,\n      \"descricao\": \"O melhor spray anti-bug do mercado. Cada spray elimina um bug de produção\",\n      \"quantidade\": 4,\n      \"_id\": \"0Vk9Dts2SxETaBxB\",\n      \"imagem\" [1]: \"C:\\\\fakepath\\\\bugProMax.jpg\"\n    },\n    {\n      \"nome\": \"Bug Pro Max - aRw\",\n      \"preco\": 9,\n      \"descricao\": \"O melhor spray anti-bug do mercado. Cada spray elimina um bug de produção\",\n      \"quantidade\": 0,\n      \"imagem\": \"C:\\\\fakepath\\\\bugProMax.jpg\",\n      \"_id\": \"0v84eiUmjvia4KHf\"\n    },\n    {\n      \"nome\": \"Stanley Copo Quencher 2.0 | 887 ml\",\n      \"preco\": 282,\n      \"descricao\": \"MANTÉM A BEBIDA FRESCA DURANTE 2 DIAS - Trabalho, treino ou viagens - você vai querer este copo Stanley Quencher ao seu lado. Graças ao isolamento a vácuo da Stanley, a sua água mantém-se fria durante 9 horas e 40 horas com gelo.\",\n      \"quantidade\": 5,\n      \"imagem\": \"C:\\\\fakepath\\\\41XEDGl8XQL.jpg\",\n      \"_id\": \"15fvmbsWjvgP6gHG\"\n    },\n    {\n      \"nome\": \"Fresh Rubber Pizza\",\n      \"preco\": 611,\n      \"descricao\": \"Introducing the Republic of Korea-inspired Soap, blending compassionate style with local craftsmanship\",\n      \"quantidade\": 58,\n      \"_id\": \"1GYObqvVSATac3y0\"\n    },\n    {\n      \"nome\": \"Refrigerante Citrus\",\n      \"preco\": 3,\n      \"descricao\": \"A água mineral Crystal é uma marca de água mineral que vem de fontes naturais e é vendida em garrafas PET e copos.\",\n      \"quantidade\": 22,\n      \"imagem\": \"C:\\\\fakepath\\\\Agua mineral.jpg\",\n      \"_id\": \"1NeUpgo6JMLLy7KN\"\n    },\n    {\n      \"nome\": \"Produto_7804\",\n      \"preco\": 99,\n      \"descricao\": \"Produto de teste\",\n      \"quantidade\": 10,\n      \"_id\": \"1YXLcNxh17UN5px2\"\n    },\n    {\n      \"nome\": \"Bug Pro Max - 0JZ\",\n      \"preco\": 99,\n      \"descricao\": \"O melhor spray anti-bug do mercado. Cada spray elimina um bug de produção\",\n      \"quantidade\": 10,\n      \"imagem\": \"C:\\\\fakepath\\\\bugProMax.jpg\",\n      \"_id\": \"1ynqJNLcPDHi6aLf\"\n    },\n    {\n      \"nome\": \"Modern Rubber Soap\",\n      \"preco\": 100,\n      \"descricao\": \"Our bitter-inspired Sausages brings a taste of luxury to your trim lifestyle\",\n      \"quantidade\": 95,\n      \"_id\": \"21NPaIHEZfPW7A7C\"\n    },\n    {\n      \"nome\": \"Awesome Silk Bike\",\n      \"preco\": 100,\n      \"descricao\": \"Introducing the Madagascar-inspired Sausages, blending unpleasant style with local craftsmanship\",\n      \"quantidade\": 95,\n      \"_id\": \"26LFOwye9Hv3V7nE\"\n    },\n    {\n      \"nome\": \"Awesome Ceramic Bacon\",\n      \"preco\": 547,\n      \"descricao\": \"Experience the plum brilliance of our Shoes, perfect for massive environments\",\n      \"quantidade\": 98,\n      \"_id\": \"271DkMiK1Q4G1HFx\"\n    },\n    {\n      \"nome\": \"Fantastic Ceramic Soap\",\n      \"preco\": 797,\n      \"descricao\": \"The Grass-roots asynchronous migration Chips offers reliable performance and joyful design\",\n      \"quantidade\": 67,\n      \"_id\": \"28AAYK8v3CSkBiqO\"\n    },\n    {\n      \"nome\": \"Bug Pro Max - Bcd\",\n      \"preco\": 99,\n      \"descricao\": \"O melhor spray anti-bug do mercado. Cada spray elimina um bug de produção\",\n      \"quantidade\": 10,\n      \"imagem\": \"C:\\\\fakepath\\\\bugProMax.jpg\",\n      \"_id\": \"2IzV2rP0FVHTaaFM\"\n    },\n    {\n      \"nome\": \"Bug Pro Max - 7Qr\",\n      \"preco\": 9,\n      \"descricao\": \"O melhor spray anti-bug do mercado. Cada spray elimina um bug de produção\",\n      \"quantidade\": 1,\n      \"imagem\": \"C:\\\\fakepath\\\\bugProMax.jpg\",\n      \"_id\": \"2LAeTNaqmCGyvGeL\"\n    },\n    {\n      \"nome\": \"Arroz Citrus\",\n      \"preco\": 3,\n      \"descricao\": \"A melhor opção para quem busca praticidade e sabor.\",\n      \"quantidade\": 24,\n      \"imagem\": \"C:\\\\fakepath\\\\Agua mineral.jpg\",\n      \"_id\": \"2MK4L54FFKsm2yrx\"\n    },\n    {\n      \"nome\": \"Produto_77374\",\n      \"preco\": 33,\n      \"descricao\": \"Produto de teste - desenvolvido com foco em alta performance.\",\n      \"quantidade\": 3,\n      \"_id\": \"2hVH2nN18Bv0iLsH\"\n    },\n    {\n      \"nome\": \"Refined Concrete Salad\",\n      \"preco\": 807,\n      \"descricao\": \"The Visionary encompassing architecture Tuna offers reliable performance and simple design\",\n      \"quantidade\": 44,\n      \"_id\": \"34Lwfbdhqz7SoJeQ\"\n    },\n    {\n      \"nome\": \"Sleek Marble Cheese\",\n      \"preco\": 867,\n      \"descricao\": \"The Extended heuristic matrix Chair offers reliable performance and delectable design\",\n      \"quantidade\": 18,\n      \"_id\": \"3S0xJw7YmALEqgdC\"\n    },\n    {\n      \"nome\": \"Fresh Ceramic Chips\",\n      \"preco\": 31,\n      \"descricao\": \"Ergonomic Chips made with Bamboo for all-day faint support\",\n      \"quantidade\": 78,\n      \"_id\": \"3ZdrUDWfM5K2q8CL\"\n    },\n    {\n      \"nome\": \"Bug Pro Max - Hzp\",\n      \"preco\": 9,\n      \"descricao\": \"O melhor spray anti-bug do mercado. Cada spray elimina um bug de produção\",\n      \"quantidade\": 1,\n      \"imagem\": \"C:\\\\fakepath\\\\bugProMax.jpg\",\n      \"_id\": \"3moisxXcoEjmlqPr\"\n    },\n    {\n      \"nome\": \"Bug Pro Max - 460\",\n      \"preco\": 99,\n      \"descricao\": \"O melhor spray anti-bug do mercado. Cada spray elimina um bug de produção\",\n      \"quantidade\": 10,\n      \"imagem\": \"C:\\\\fakepath\\\\bugProMax.jpg\",\n      \"_id\": \"3xghcBCh9HeYXSCI\"\n    },\n    {\n      \"nome\": \"Bug Pro Max - aHd\",\n      \"preco\": 99,\n      \"descricao\": \"O melhor spray anti-bug do mercado. Cada spray elimina um bug de produção\",\n      \"quantidade\": 10,\n      \"imagem\": \"C:\\\\fakepath\\\\bugProMax.jpg\",\n      \"_id\": \"4G37oSVqloorGQF4\"\n    },\n    {\n      \"nome\": \"Bug Pro Max - ZH0\",\n      \"preco\": 99,\n      \"descricao\": \"O melhor spray anti-bug do mercado. Cada spray elimina um bug de produção\",\n      \"quantidade\": 10,\n      \"imagem\": \"C:\\\\fakepath\\\\bugProMax.jpg\",\n      \"_id\": \"4Qp5uTKn0UwngDqD\"\n    },\n    {\n      \"nome\": \"Modern Granite Mouse\",\n      \"preco\": 911,\n      \"descricao\": \"Featuring Gold-enhanced technology, our Chicken offers unparalleled striking performance\",\n      \"quantidade\": 77,\n      \"_id\": \"4bQDBjE9SANf6i9V\"\n    },\n    {\n      \"nome\": \"Electronic Cotton Pizza\",\n      \"preco\": 852,\n      \"descricao\": \"Fresh Bacon designed with Wooden for slimy performance\",\n      \"quantidade\": 80,\n      \"_id\": \"4swb9LtKTBh5oBDW\"\n    },\n    {\n      \"nome\": \"Bug Pro Max - BXl\",\n      \"preco\": 99,\n      \"descricao\": \"O melhor spray anti-bug do mercado. Cada spray elimina um bug de produção\",\n      \"quantidade\": 10,\n      \"imagem\": \"C:\\\\fakepath\\\\bugProMax.jpg\",\n      \"_id\": \"4tMC61qMJs1XLSPP\"\n    },\n    {\n      \"nome\": \"Produto_57735\",\n      \"preco\": 52,\n      \"descricao\": \"Produto de teste - desenvolvido com foco em alta performance.\",\n      \"quantidade\": 4,\n      \"_id\": \"4yWEgzr6SQdPlW6k\"\n    },\n    {\n      \"nome\": \"Bug Pro Max - 2BK\",\n      \"preco\": 99,\n      \"descricao\": \"O melhor spray anti-bug do mercado. Cada spray elimina um bug de produção\",\n      \"quantidade\": 10,\n      \"imagem\": \"C:\\\\fakepath\\\\bugProMax.jpg\",\n      \"_id\": \"50lxhbhZk3cpubdp\"\n    },\n    {\n      \"nome\": \"Novo nome\",\n      \"preco\": 99,\n      \"descricao\": \"O melhor spray anti-bug do mercado. Cada spray elimina um bug de produção\",\n      \"quantidade\": 10,\n      \"imagem\": \"C:\\\\fakepath\\\\bugProMax.jpg\",\n      \"_id\": \"53TW9zUnPcg6GysY\"\n    },\n    {\n      \"nome\": \"Bug Pro Max - xdg\",\n      \"preco\": 99,\n      \"descricao\": \"O melhor spray anti-bug do mercado. Cada spray elimina um bug de produção\",\n      \"quantidade\": 10,\n      \"imagem\": \"C:\\\\fakepath\\\\bugProMax.jpg\",\n      \"_id\": \"5N5mGZ3md8qKNGnJ\"\n    },\n    {\n      \"nome\": \"Bug Pro Max - L7o\",\n      \"preco\": 99,\n      \"descricao\": \"O melhor spray anti-bug do mercado. Cada spray elimina um bug de produção\",\n      \"quantidade\": 10,\n      \"imagem\": \"C:\\\\fakepath\\\\bugProMax.jpg\",\n      \"_id\": \"5TdtVlRFT3fXy1Yv\"\n    },\n    {\n      \"nome\": \"Frozen Bronze Salad\",\n      \"preco\": 673,\n      \"descricao\": \"Discover the sticky new Gloves with an exciting mix of Steel ingredients\",\n      \"quantidade\": 86,\n      \"_id\": \"5bUBQwr1rAX86fj4\"\n    },\n    {\n      \"nome\": \"Bug Pro Max - Ldr\",\n      \"preco\": 9,\n      \"descricao\": \"O melhor spray anti-bug do mercado. Cada spray elimina um bug de produção\",\n      \"quantidade\": 1,\n      \"imagem\": \"C:\\\\fakepath\\\\bugProMax.jpg\",\n      \"_id\": \"62uS88e1T20k0SS9\"\n    },\n    {\n      \"nome\": \"Bug Pro Max - 7kE\",\n      \"preco\": 99,\n      \"descricao\": \"O melhor spray anti-bug do mercado. Cada spray elimina um bug de produção\",\n      \"quantidade\": 10,\n      \"imagem\": \"C:\\\\fakepath\\\\bugProMax.jpg\",\n      \"_id\": \"6VdHa9YzDrKR9lNr\"\n    },\n    {\n      \"nome\": \"Bug Pro Max - EGV\",\n      \"preco\": 99,\n      \"descricao\": \"O melhor spray anti-bug do mercado. Cada spray elimina um bug de produção\",\n      \"quantidade\": 10,\n      \"imagem\": \"C:\\\\fakepath\\\\bugProMax.jpg\",\n      \"_id\": \"6tU8kxYYrYXnlkhQ\"\n    },\n    {\n      \"nome\": \"Produto_28949\",\n      \"preco\": 92,\n      \"descricao\": \"Produto de teste - desenvolvido com foco em alta performance.\",\n      \"quantidade\": 8,\n      \"_id\": \"6yAswuJEpfOxzAvn\"\n    },\n    {\n      \"nome\": \"Modern Granite Sausages\",\n      \"preco\": 607,\n      \"descricao\": \"Our ostrich-friendly Bacon ensures lanky comfort for your pets\",\n      \"quantidade\": 35,\n      \"_id\": \"7WqqQlS4R7zY5kQ0\"\n    },\n    {\n      \"nome\": \"Bug Pro Max - yCL\",\n      \"preco\": 9,\n      \"descricao\": \"O melhor spray anti-bug do mercado. Cada spray elimina um bug de produção\",\n      \"quantidade\": 1,\n      \"imagem\": \"C:\\\\fakepath\\\\bugProMax.jpg\",\n      \"_id\": \"7aTy6ELAlUcI65wx\"\n    },\n    {\n      \"nome\": \"Bug Pro Max - WWu\",\n      \"preco\": 99,\n      \"descricao\": \"O melhor spray anti-bug do mercado. Cada spray elimina um bug de produção\",\n      \"quantidade\": 10,\n      \"imagem\": \"C:\\\\fakepath\\\\bugProMax.jpg\",\n      \"_id\": \"7eZvuX9KXGQWWXeW\"\n    },\n    {\n      \"nome\": \"Produto_1393\",\n      \"preco\": 86,\n      \"descricao\": \"Produto de teste - desenvolvido com foco em alta performance.\",\n      \"quantidade\": 2,\n      \"_id\": \"7spCnvDG0SHYIq8s\"\n    },\n    {\n      \"nome\": \"Bug Pro Max - bVw\",\n      \"preco\": 99,\n      \"descricao\": \"O melhor spray anti-bug do mercado. Cada spray elimina um bug de produção\",\n      \"quantidade\": 10,\n      \"imagem\": \"C:\\\\fakepath\\\\bugProMax.jpg\",\n      \"_id\": \"8HghN1ws9hkXjOsa\"\n    },\n    {\n      \"nome\": \"Gorgeous Gold Fish\",\n      \"preco\": 227,\n      \"descricao\": \"Lowe and Sons's most advanced Salad technology increases plump capabilities\",\n      \"quantidade\": 31,\n      \"_id\": \"8SQyrAPN7aayIga3\"\n    },\n    {\n      \"nome\": \"Bug Pro Max - trr\",\n      \"preco\": 99,\n      \"descricao\": \"O melhor spray anti-bug do mercado. Cada spray elimina um bug de produção\",\n      \"quantidade\": 10,\n      \"imagem\": \"C:\\\\fakepath\\\\bugProMax.jpg\",\n      \"_id\": \"8cbvIXuQOgGf2RTT\"\n    },\n    {\n      \"nome\": \"Sleek Plastic Mouse\",\n      \"preco\": 680,\n      \"descricao\": \"Our bee-friendly Salad ensures infinite comfort for your pets\",\n      \"quantidade\": 56,\n      \"_id\": \"8l9Q7GlmENobt2Om\"\n    },\n    {\n      \"nome\": \"Unbranded Granite Soap\",\n      \"preco\": 764,\n      \"descricao\": \"The sleek and soggy Car comes with black LED lighting for smart functionality\",\n      \"quantidade\": 19,\n      \"_id\": \"8rkkGOn2Hz0Y2FPe\"\n    },\n    {\n      \"nome\": \"Produto_63054\",\n      \"preco\": 99,\n      \"descricao\": \"Produto de teste\",\n      \"quantidade\": 10,\n      \"_id\": \"8s9W4avj0FQB87fn\"\n    },\n    {\n      \"nome\": \"Luxurious Gold Bacon\",\n      \"preco\": 405,\n      \"descricao\": \"Kilback, Daniel and Robel's most advanced Towels technology increases bruised capabilities\",\n      \"quantidade\": 61,\n      \"_id\": \"90A2tngBtGXw8ejI\"\n    },\n    {\n      \"nome\": \"Practical Marble Chair\",\n      \"preco\": 383,\n      \"descricao\": \"New maroon Shoes with ergonomic design for exalted comfort\",\n      \"quantidade\": 65,\n      \"_id\": \"9ULq15zjvNMuqWUE\"\n    },\n    {\n      \"nome\": \"Frozen Cotton Hat\",\n      \"preco\": 3,\n      \"descricao\": \"The Robyn Car is the latest in a series of dependent products from Feeney LLC\",\n      \"quantidade\": 84,\n      \"_id\": \"9XWjuVgeqNYHvEL9\"\n    },\n    {\n      \"nome\": \"Xbox One S\",\n      \"preco\": 1500,\n      \"descricao\": \"Console\",\n      \"quantidade\": 3,\n      \"_id\": \"9YZhcO9jpIVpsZum\"\n    },\n    {\n      \"nome\": \"Bug Pro Max - qTc\",\n      \"preco\": 99,\n      \"descricao\": \"O melhor spray anti-bug do mercado. Cada spray elimina um bug de produção\",\n      \"quantidade\": 10,\n      \"imagem\": \"C:\\\\fakepath\\\\bugProMax.jpg\",\n      \"_id\": \"AQCFGsB17dJvR33n\"\n    },\n    {\n      \"nome\": \"Frozen Metal Towels\",\n      \"preco\": 770,\n      \"descricao\": \"New grey Chips with ergonomic design for inconsequential comfort\",\n      \"quantidade\": 99,\n      \"_id\": \"AZGG7IjR8DWSsNmb\"\n    },\n    {\n      \"nome\": \"Bug Pro Max - YAw\",\n      \"preco\": 99,\n      \"descricao\": \"O melhor spray anti-bug do mercado. Cada spray elimina um bug de produção\",\n      \"quantidade\": 10,\n      \"imagem\": \"C:\\\\fakepath\\\\bugProMax.jpg\",\n      \"_id\": \"Abb0GJ0GaJwtBXKB\"\n    },\n    {\n      \"nome\": \"Produto 25361 Ultra\",\n      \"preco\": 15,\n      \"descricao\": \"Produto de teste - compatível com todos os sistemas modernos.\",\n      \"quantidade\": 97,\n      \"_id\": \"AiDKwDsPPzbPFT4D\"\n    },\n    {\n      \"nome\": \"Bug Pro Max - rPR\",\n      \"preco\": 99,\n      \"descricao\": \"O melhor spray anti-bug do mercado. Cada spray elimina um bug de produção\",\n      \"quantidade\": 10,\n      \"imagem\": \"C:\\\\fakepath\\\\bugProMax.jpg\",\n      \"_id\": \"Aj7F6j2tUep8SfEl\"\n    },\n    {\n      \"nome\": \"Rustic Metal Pizza\",\n      \"preco\": 100,\n      \"descricao\": \"Introducing the Oman-inspired Ball, blending bogus style with local craftsmanship\",\n      \"quantidade\": 95,\n      \"_id\": \"AnNCIowfIHwCEcWw\"\n    },\n    {\n      \"nome\": \"Bug Pro Max 8 - M4M\",\n      \"preco\": 99,\n      \"descricao\": \"O melhor spray anti-bug do mercado. Cada spray elimina um bug de produção\",\n      \"quantidade\": 10,\n      \"imagem\": \"C:\\\\fakepath\\\\bugProMax.jpg\",\n      \"_id\": \"BMmLmGfqXI7GlnDm\"\n    },\n    {\n      \"nome\": \"Bug Pro Max - hrB\",\n      \"preco\": 99,\n      \"descricao\": \"O melhor spray anti-bug do mercado. Cada spray elimina um bug de produção\",\n      \"quantidade\": 10,\n      \"imagem\": \"C:\\\\fakepath\\\\bugProMax.jpg\",\n      \"_id\": \"BUHU3sE506ZfFPlZ\"\n    },\n    {\n      \"nome\": \"Produto_76834\",\n      \"preco\": 58,\n      \"descricao\": \"Produto de teste - desenvolvido com foco em alta performance.\",\n      \"quantidade\": 5,\n      \"_id\": \"BZh7lSSD33bOBXEQ\"\n    },\n    {\n      \"nome\": \"Logitech MX Vertical\",\n      \"preco\": 470,\n      \"descricao\": \"Mouse\",\n      \"quantidade\": 380,\n      \"_id\": \"BeeJh5lz3k6kSIzA\"\n    },\n    {\n      \"nome\": \"Handcrafted Bamboo Cheese\",\n      \"preco\": 732,\n      \"descricao\": \"Discover the strident new Towels with an exciting mix of Rubber ingredients\",\n      \"quantidade\": 50,\n      \"_id\": \"BhAK1VQmROEtAK60\"\n    },\n    {\n      \"nome\": \"Rustic Metal Mouse\",\n      \"preco\": 321,\n      \"descricao\": \"Refined Shoes designed with Cotton for hurtful performance\",\n      \"quantidade\": 65,\n      \"_id\": \"Bn9mQWqdozSmILmn\"\n    },\n    {\n      \"nome\": \"Bug Pro Max - FZF\",\n      \"preco\": 99,\n      \"descricao\": \"O melhor spray anti-bug do mercado. Cada spray elimina um bug de produção\",\n      \"quantidade\": 10,\n      \"imagem\": \"C:\\\\fakepath\\\\bugProMax.jpg\",\n      \"_id\": \"Brmqtd3l1kihvi1q\"\n    },\n    {\n      \"nome\": \"Bug Pro Max - kcc\",\n      \"preco\": 99,\n      \"descricao\": \"O melhor spray anti-bug do mercado. Cada spray elimina um bug de produção\",\n      \"quantidade\": 10,\n      \"imagem\": \"C:\\\\fakepath\\\\bugProMax.jpg\",\n      \"_id\": \"C3OqUckCFEIkb28c\"\n    },\n    {\n      \"nome\": \"Electronic Marble Car\",\n      \"preco\": 935,\n      \"descricao\": \"The Matilda Salad is the latest in a series of likable products from Lindgren and Sons\",\n      \"quantidade\": 41,\n      \"_id\": \"CKK49Wmj1TdKJDdQ\"\n    },\n    {\n      \"nome\": \"Bug Pro Max - OEC\",\n      \"preco\": 99,\n      \"descricao\": \"O melhor spray anti-bug do mercado. Cada spray elimina um bug de produção\",\n      \"quantidade\": 10,\n      \"imagem\": \"C:\\\\fakepath\\\\bugProMax.jpg\",\n      \"_id\": \"CWk9lCYQadUwAAed\"\n    },\n    {\n      \"nome\": \"Bug Pro Max - Cip\",\n      \"preco\": 9,\n      \"descricao\": \"O melhor spray anti-bug do mercado. Cada spray elimina um bug de produção\",\n      \"quantidade\": 1,\n      \"imagem\": \"C:\\\\fakepath\\\\bugProMax.jpg\",\n      \"_id\": \"Ck71jSMtFVGQZbhy\"\n    },\n    {\n      \"nome\": \"Modern Rubber Keyboard\",\n      \"preco\": 697,\n      \"descricao\": \"Innovative Ball featuring blond technology and Aluminum construction\",\n      \"quantidade\": 5,\n      \"_id\": \"D0mKZi9FYEd0nhj4\"\n    },\n    {\n      \"nome\": \"Iphone x\",\n      \"preco\": 10000,\n      \"descricao\": \"Smartphone\",\n      \"quantidade\": 100,\n      \"_id\": \"D5WBcLXBmAYRVE6T\"\n    },\n    {\n      \"nome\": \"Produto_6091\",\n      \"preco\": 88,\n      \"descricao\": \"Produto de teste - desenvolvido com foco em alta performance.\",\n      \"quantidade\": 3,\n      \"_id\": \"DB7R8u2TT9bIsJVB\"\n    },\n    {\n      \"nome\": \"Bug Pro Max - J98\",\n      \"preco\": 99,\n      \"descricao\": \"O melhor spray anti-bug do mercado. Cada spray elimina um bug de produção\",\n      \"quantidade\": 10,\n      \"imagem\": \"C:\\\\fakepath\\\\bugProMax.jpg\",\n      \"_id\": \"DO783CTeF0RUy0Xu\"\n    },\n    {\n      \"nome\": \"Bug Pro Max - XBP\",\n      \"preco\": 99,\n      \"descricao\": \"O melhor spray anti-bug do mercado. Cada spray elimina um bug de produção\",\n      \"quantidade\": 10,\n      \"imagem\": \"C:\\\\fakepath\\\\bugProMax.jpg\",\n      \"_id\": \"Dfa3cXmk6w0jg8WT\"\n    },\n    {\n      \"nome\": \"Elegant Plastic Hat\",\n      \"preco\": 383,\n      \"descricao\": \"Innovative Bacon featuring lanky technology and Bamboo construction\",\n      \"quantidade\": 81,\n      \"_id\": \"DvJ1u0xS1RtaVSa2\"\n    },\n    {\n      \"nome\": \"pipoca\",\n      \"preco\": 2,\n      \"descricao\": \"milho de pipoca\",\n      \"quantidade\": 5,\n      \"_id\": \"E2jpODduC0uZTwdS\"\n    },\n    {\n      \"nome\": \"Awesome Steel Chair\",\n      \"preco\": 649,\n      \"descricao\": \"Discover the steep new Pants with an exciting mix of Plastic ingredients\",\n      \"quantidade\": 34,\n      \"_id\": \"ECvO80WAh3Y3FONB\"\n    },\n    {\n      \"nome\": \"Bug Pro Max - fU4\",\n      \"preco\": 99,\n      \"descricao\": \"O melhor spray anti-bug do mercado. Cada spray elimina um bug de produção\",\n      \"quantidade\": 10,\n      \"imagem\": \"C:\\\\fakepath\\\\bugProMax.jpg\",\n      \"_id\": \"EGHmS6RsYd6oAKWZ\"\n    },\n    {\n      \"nome\": \"mouse_1\",\n      \"preco\": 96,\n      \"descricao\": \"mouse\",\n      \"quantidade\": 22,\n      \"_id\": \"ETQt2QGL3slj9PLS\"\n    },\n    {\n      \"nome\": \"Bug Pro Max - eNq\",\n      \"preco\": 99,\n      \"descricao\": \"O melhor spray anti-bug do mercado. Cada spray elimina um bug de produção\",\n      \"quantidade\": 10,\n      \"imagem\": \"C:\\\\fakepath\\\\bugProMax.jpg\",\n      \"_id\": \"EYw0RqqgonNHz7jz\"\n    },\n    {\n      \"nome\": \"Produto_90532\",\n      \"preco\": 99,\n      \"descricao\": \"Produto de teste\",\n      \"quantidade\": 10,\n      \"_id\": \"EfNSeKpcj1U1mTTn\"\n    },\n    {\n      \"nome\": \"Bespoke Steel Hat\",\n      \"preco\": 706,\n      \"descricao\": \"New Hat model with 86 GB RAM, 743 GB storage, and strange features\",\n      \"quantidade\": 40,\n      \"_id\": \"El02tFbufzS5gj7s\"\n    },\n    {\n      \"nome\": \"Bug Pro Max 8 - TfD\",\n      \"preco\": 99,\n      \"descricao\": \"O melhor spray anti-bug do mercado. Cada spray elimina um bug de produção\",\n      \"quantidade\": 10,\n      \"imagem\": \"C:\\\\fakepath\\\\bugProMax.jpg\",\n      \"_id\": \"EyxZTL4vHDyzT4mf\"\n    },\n    {\n      \"nome\": \"Bug Pro Max - oO0\",\n      \"preco\": 9,\n      \"descricao\": \"O melhor spray anti-bug do mercado. Cada spray elimina um bug de produção\",\n      \"quantidade\": 1,\n      \"imagem\": \"C:\\\\fakepath\\\\bugProMax.jpg\",\n      \"_id\": \"F69GjeoyhM0rzowL\"\n    },\n    {\n      \"nome\": \"Bug Pro Max - qlR\",\n      \"preco\": 99,\n      \"descricao\": \"O melhor spray anti-bug do mercado. Cada spray elimina um bug de produção\",\n      \"quantidade\": 10,\n      \"imagem\": \"C:\\\\fakepath\\\\bugProMax.jpg\",\n      \"_id\": \"FJs7qjc36jVNGBGM\"\n    },\n    {\n      \"nome\": \"Bug Pro Max - gkK\",\n      \"preco\": 99,\n      \"descricao\": \"O melhor spray anti-bug do mercado. Cada spray elimina um bug de produção\",\n      \"quantidade\": 10,\n      \"imagem\": \"C:\\\\fakepath\\\\bugProMax.jpg\",\n      \"_id\": \"FNk4zaNO9drP89AB\"\n    },\n    {\n      \"nome\": \"Practical Cotton Keyboard\",\n      \"preco\": 123,\n      \"descricao\": \"Innovative Cheese featuring tight technology and Granite construction\",\n      \"quantidade\": 53,\n      \"_id\": \"FQZ3DW1QMQL8Wg68\"\n    },\n    {\n      \"nome\": \"Small Concrete Chicken\",\n      \"preco\": 500,\n      \"descricao\": \"Innovative Computer featuring peppery technology and Plastic construction\",\n      \"quantidade\": 0,\n      \"_id\": \"FRIWMc2dpx6ZO200\"\n    },\n    {\n      \"nome\": \"Bug Pro Max - 78k\",\n      \"preco\": 99,\n      \"descricao\": \"O melhor spray anti-bug do mercado. Cada spray elimina um bug de produção\",\n      \"quantidade\": 10,\n      \"imagem\": \"C:\\\\fakepath\\\\bugProMax.jpg\",\n      \"_id\": \"GCu8qbPFSwA8T3Pi\"\n    },\n    {\n      \"nome\": \"Produto Cypress\",\n      \"preco\": 990,\n      \"descricao\": \"Produto top\",\n      \"quantidade\": 5,\n      \"_id\": \"GDlWc2nVZrf5qlxu\"\n    },\n    {\n      \"nome\": \"Electronic Aluminum Mouse\",\n      \"preco\": 327,\n      \"descricao\": \"Incredible Chair designed with Aluminum for authorized performance\",\n      \"quantidade\": 93,\n      \"_id\": \"GJfO8jjo2uGwzcIR\"\n    },\n    {\n      \"nome\": \"Elegant Rubber Salad\",\n      \"preco\": 855,\n      \"descricao\": \"Discover the dull new Tuna with an exciting mix of Cotton ingredients\",\n      \"quantidade\": 2,\n      \"_id\": \"GRaRCOz59LfAjzBp\"\n    },\n    {\n      \"nome\": \"Bug Pro Max - pvg\",\n      \"preco\": 99,\n      \"descricao\": \"O melhor spray anti-bug do mercado. Cada spray elimina um bug de produção\",\n      \"quantidade\": 10,\n      \"imagem\": \"C:\\\\fakepath\\\\bugProMax.jpg\",\n      \"_id\": \"GTuDIA8QptwNIIYZ\"\n    },\n    {\n      \"nome\": \"Produto_87102\",\n      \"preco\": 99,\n      \"descricao\": \"Produto de teste\",\n      \"quantidade\": 10,\n      \"_id\": \"GWUyjTrk0wyUgw6h\"\n    },\n    {\n      \"nome\": \"Bug Pro Max - LLr\",\n      \"preco\": 99,\n      \"descricao\": \"O melhor spray anti-bug do mercado. Cada spray elimina um bug de produção\",\n      \"quantidade\": 10,\n      \"imagem\": \"C:\\\\fakepath\\\\bugProMax.jpg\",\n      \"_id\": \"GYjRMreONApx2EWY\"\n    },\n    {\n      \"nome\": \"Intelligent Aluminum Salad\",\n      \"preco\": 910,\n      \"descricao\": \"The Configurable hybrid utilisation Cheese offers reliable performance and supportive design\",\n      \"quantidade\": 50,\n      \"_id\": \"Gx3D4UdwOoJ2f2mw\"\n    },\n    {\n      \"nome\": \"Handmade Rubber Bacon\",\n      \"preco\": 478,\n      \"descricao\": \"Jakubowski LLC's most advanced Sausages technology increases quick-witted capabilities\",\n      \"quantidade\": 3,\n      \"_id\": \"HDt49WN4GEJeJRz1\"\n    },\n    {\n      \"nome\": \"Awesome Steel Pants\",\n      \"preco\": 614,\n      \"descricao\": \"New Gloves model with 62 GB RAM, 816 GB storage, and mediocre features\",\n      \"quantidade\": 11,\n      \"_id\": \"HY8vcZ0jaosEAlY5\"\n    },\n    {\n      \"nome\": \"Bug Pro Max - 1k2\",\n      \"preco\": 99,\n      \"descricao\": \"O melhor spray anti-bug do mercado. Cada spray elimina um bug de produção\",\n      \"quantidade\": 10,\n      \"imagem\": \"C:\\\\fakepath\\\\bugProMax.jpg\",\n      \"_id\": \"Hj1o425vxHsHESf3\"\n    },\n    {\n      \"nome\": \"Practical Metal Pants\",\n      \"preco\": 764,\n      \"descricao\": \"Introducing the Christmas Island-inspired Salad, blending hefty style with local craftsmanship\",\n      \"quantidade\": 15,\n      \"_id\": \"I5W0F61ubjkFfgSm\"\n    },\n    {\n      \"nome\": \"Bug Pro Max - Tbd\",\n      \"preco\": 9,\n      \"descricao\": \"O melhor spray anti-bug do mercado. Cada spray elimina um bug de produção\",\n      \"quantidade\": 1,\n      \"imagem\": \"C:\\\\fakepath\\\\bugProMax.jpg\",\n      \"_id\": \"IPK0n6M07OUurAGF\"\n    },\n    {\n      \"nome\": \"Bug Pro Max - 5Hj\",\n      \"preco\": 99,\n      \"descricao\": \"O melhor spray anti-bug do mercado. Cada spray elimina um bug de produção\",\n      \"quantidade\": 10,\n      \"imagem\": \"C:\\\\fakepath\\\\bugProMax.jpg\",\n      \"_id\": \"JFbcNZmz3VqwRPta\"\n    },\n    {\n      \"nome\": \"Bug Pro Max - VNO\",\n      \"preco\": 99,\n      \"descricao\": \"O melhor spray anti-bug do mercado. Cada spray elimina um bug de produção\",\n      \"quantidade\": 10,\n      \"imagem\": \"C:\\\\fakepath\\\\bugProMax.jpg\",\n      \"_id\": \"JTTUjV9YuFpkssRK\"\n    },\n    {\n      \"nome\": \"Bug Pro Max - 061\",\n      \"preco\": 9,\n      \"descricao\": \"O melhor spray anti-bug do mercado. Cada spray elimina um bug de produção\",\n      \"quantidade\": 1,\n      \"imagem\": \"C:\\\\fakepath\\\\bugProMax.jpg\",\n      \"_id\": \"JUzYKJjJL891ZfG0\"\n    },\n    {\n      \"nome\": \"Produto_27432\",\n      \"preco\": 100,\n      \"descricao\": \"Produto de teste - desenvolvido com foco em alta performance.\",\n      \"quantidade\": 10,\n      \"_id\": \"JV9QmkHml1e0wLEo\"\n    },\n    {\n      \"nome\": \"Bug Pro Max - gzH\",\n      \"preco\": 99,\n      \"descricao\": \"O melhor spray anti-bug do mercado. Cada spray elimina um bug de produção\",\n      \"quantidade\": 10,\n      \"imagem\": \"C:\\\\fakepath\\\\bugProMax.jpg\",\n      \"_id\": \"JWHn3DuA0NdtyWTQ\"\n    },\n    {\n      \"nome\": \"Mix e Triturador de Alimentos\",\n      \"preco\": 210,\n      \"descricao\": \"Eletrodoméstico\",\n      \"quantidade\": 200,\n      \"_id\": \"JtIBXXrr7kJiuSHR\"\n    },\n    {\n      \"nome\": \"Recycled Aluminum Fish\",\n      \"preco\": 190,\n      \"descricao\": \"Featuring Molybdenum-enhanced technology, our Chair offers unparalleled exalted performance\",\n      \"quantidade\": 19,\n      \"_id\": \"JtSU7fXzDa2BSBd6\"\n    },\n    {\n      \"nome\": \"Água mineral123\",\n      \"preco\": 3,\n      \"descricao\": \"A água mineral Crystal é uma marca de água mineral que vem de fontes naturais e é vendida em garrafas PET e copos.\",\n      \"quantidade\": 24,\n      \"imagem\": \"C:\\\\fakepath\\\\Agua mineral.jpg\",\n      \"_id\": \"Jxr1jvho2ntjtaa7\"\n    },\n    {\n      \"nome\": \"Samsung 60 polegadas\",\n      \"preco\": 5240,\n      \"descricao\": \"TV\",\n      \"quantidade\": 49977,\n      \"_id\": \"K6leHdftCeOJj8BJ\"\n    },\n    {\n      \"nome\": \"Logitech teste 01 ggg t Hilll, Bernier and Mayert\",\n      \"preco\": 470,\n      \"descricao\": \"Mouse\",\n      \"quantidade\": 380,\n      \"_id\": \"KWl5FRiR3nReRet3\"\n    },\n    {\n      \"nome\": \"Bug Pro Max - 6hv\",\n      \"preco\": 99,\n      \"descricao\": \"O melhor spray anti-bug do mercado. Cada spray elimina um bug de produção\",\n      \"quantidade\": 10,\n      \"imagem\": \"C:\\\\fakepath\\\\bugProMax.jpg\",\n      \"_id\": \"KndILVvU1M9UydoU\"\n    },\n    {\n      \"nome\": \"Bespoke Silk Gloves\",\n      \"preco\": 547,\n      \"descricao\": \"The sleek and soupy Pants comes with indigo LED lighting for smart functionality\",\n      \"quantidade\": 13,\n      \"_id\": \"KprIjPyonJQC2VJr\"\n    },\n    {\n      \"nome\": \"Bespoke Bronze Salad\",\n      \"preco\": 136,\n      \"descricao\": \"Discover the complete new Shirt with an exciting mix of Aluminum ingredients\",\n      \"quantidade\": 6,\n      \"_id\": \"KwE6OR6a0hS9GdMC\"\n    },\n    {\n      \"nome\": \"Oriental Bamboo Sausages\",\n      \"preco\": 131,\n      \"descricao\": \"Discover the known new Chips with an exciting mix of Aluminum ingredients\",\n      \"quantidade\": 64,\n      \"_id\": \"LArrfXlpGXEFIXPA\"\n    },\n    {\n      \"nome\": \"Bug Pro Max - yyM\",\n      \"preco\": 99,\n      \"descricao\": \"O melhor spray anti-bug do mercado. Cada spray elimina um bug de produção\",\n      \"quantidade\": 10,\n      \"imagem\": \"C:\\\\fakepath\\\\bugProMax.jpg\",\n      \"_id\": \"LGx5XnHS40vQzOXk\"\n    },\n    {\n      \"nome\": \"Xbox Series S\",\n      \"preco\": 3500,\n      \"descricao\": \"Console\",\n      \"quantidade\": 123,\n      \"_id\": \"LUb90dZngO2F1yXl\"\n    },\n    {\n      \"nome\": \"Produto 70356 Ultra\",\n      \"preco\": 24,\n      \"descricao\": \"Produto de teste - compatível com todos os sistemas modernos.\",\n      \"quantidade\": 91,\n      \"_id\": \"LcLJXE9W7240Vy8T\"\n    },\n    {\n      \"nome\": \"Bug Pro Max - Nd0\",\n      \"preco\": 99,\n      \"descricao\": \"O melhor spray anti-bug do mercado. Cada spray elimina um bug de produção\",\n      \"quantidade\": 10,\n      \"imagem\": \"C:\\\\fakepath\\\\bugProMax.jpg\",\n      \"_id\": \"LjL9kP555YhwSsF1\"\n    },\n    {\n      \"nome\": \"Bug Pro Max - QfR\",\n      \"preco\": 99,\n      \"descricao\": \"O melhor spray anti-bug do mercado. Cada spray elimina um bug de produção\",\n      \"quantidade\": 10,\n      \"imagem\": \"C:\\\\fakepath\\\\bugProMax.jpg\",\n      \"_id\": \"Ly4K2w5X5xKPxKxb\"\n    },\n    {\n      \"nome\": \"Mapa Dust\",\n      \"preco\": 5,\n      \"descricao\": \"Jogo\",\n      \"quantidade\": 1000,\n      \"_id\": \"M9APe0f1A275pC0f\"\n    },\n    {\n      \"nome\": \"Bug Pro Max - vkH\",\n      \"preco\": 99,\n      \"descricao\": \"O melhor spray anti-bug do mercado. Cada spray elimina um bug de produção\",\n      \"quantidade\": 10,\n      \"imagem\": \"C:\\\\fakepath\\\\bugProMax.jpg\",\n      \"_id\": \"MD8stLONkPv5ykuB\"\n    },\n    {\n      \"nome\": \"Handmade Gold Computer\",\n      \"preco\": 453,\n      \"descricao\": \"New indigo Keyboard with ergonomic design for untidy comfort\",\n      \"quantidade\": 16,\n      \"_id\": \"MPA3yAWsC3GUwpHn\"\n    },\n    {\n      \"nome\": \"Handmade Granite Computer\",\n      \"preco\": 500,\n      \"descricao\": \"New range of formal shirts are designed keeping you in mind. With fits and styling that will make you stand apart\",\n      \"quantidade\": 0,\n      \"_id\": \"Mkim3oC4C8dB1CGy\"\n    },\n    {\n      \"nome\": \"Bug Pro Max - om4\",\n      \"preco\": 99,\n      \"descricao\": \"O melhor spray anti-bug do mercado. Cada spray elimina um bug de produção\",\n      \"quantidade\": 10,\n      \"imagem\": \"C:\\\\fakepath\\\\bugProMax.jpg\",\n      \"_id\": \"MtkD0Jmuic7jZsWs\"\n    },\n    {\n      \"nome\": \"Produto_12177\",\n      \"preco\": 75,\n      \"descricao\": \"Produto de teste - desenvolvido com foco em alta performance.\",\n      \"quantidade\": 7,\n      \"_id\": \"Mx4P6tK7tFKJuaot\"\n    },\n    {\n      \"nome\": \"Handmade Bronze Sausages\",\n      \"preco\": 437,\n      \"descricao\": \"New olive Chips with ergonomic design for whopping comfort\",\n      \"quantidade\": 30,\n      \"_id\": \"N6RdzBnKF0FREODu\"\n    },\n    {\n      \"nome\": \"Mapa Nuke\",\n      \"preco\": 4,\n      \"descricao\": \"Jogo\",\n      \"quantidade\": 1000,\n      \"_id\": \"NMIpfWdNbxk3IG79\"\n    },\n    {\n      \"nome\": \"Recycled Granite Chicken\",\n      \"preco\": 500,\n      \"descricao\": \"The beautiful range of Apple Naturalé that has an exciting mix of natural ingredients. With the Goodness of 100% Natural Ingredients\",\n      \"quantidade\": 10,\n      \"_id\": \"NcbaauRAe9eN4JPD\"\n    },\n    {\n      \"nome\": \"Bug Pro Max - 1Zl\",\n      \"preco\": 9,\n      \"descricao\": \"O melhor spray anti-bug do mercado. Cada spray elimina um bug de produção\",\n      \"quantidade\": 1,\n      \"imagem\": \"C:\\\\fakepath\\\\bugProMax.jpg\",\n      \"_id\": \"NjdPuLgFdNCrdS9l\"\n    },\n    {\n      \"nome\": \"Bug Pro Max - Vl3\",\n      \"preco\": 99,\n      \"descricao\": \"O melhor spray anti-bug do mercado. Cada spray elimina um bug de produção\",\n      \"quantidade\": 10,\n      \"imagem\": \"C:\\\\fakepath\\\\bugProMax.jpg\",\n      \"_id\": \"O5YSyV4vRkanSrYk\"\n    },\n    {\n      \"nome\": \"Bug Pro Max - Crg\",\n      \"preco\": 99,\n      \"descricao\": \"O melhor spray anti-bug do mercado. Cada spray elimina um bug de produção\",\n      \"quantidade\": 10,\n      \"imagem\": \"C:\\\\fakepath\\\\bugProMax.jpg\",\n      \"_id\": \"ONRwYp0EbqLCpFRj\"\n    },\n    {\n      \"nome\": \"Ergonomic Bronze Hat\",\n      \"preco\": 549,\n      \"descricao\": \"The sleek and reasonable Hat comes with plum LED lighting for smart functionality\",\n      \"quantidade\": 64,\n      \"_id\": \"OUVlNoiRgXgHsHb6\"\n    },\n    {\n      \"nome\": \"Bug Pro Max - OnE\",\n      \"preco\": 99,\n      \"descricao\": \"O melhor spray anti-bug do mercado. Cada spray elimina um bug de produção\",\n      \"quantidade\": 10,\n      \"imagem\": \"C:\\\\fakepath\\\\bugProMax.jpg\",\n      \"_id\": \"OhCtDOfxRKoioz2J\"\n    },\n    {\n      \"nome\": \"Recycled Gold Soap\",\n      \"preco\": 166,\n      \"descricao\": \"Simonis Inc's most advanced Cheese technology increases uniform capabilities\",\n      \"quantidade\": 24,\n      \"_id\": \"P8pDoFKdHoIvpYLu\"\n    },\n    {\n      \"nome\": \"Electronic Steel Salad\",\n      \"preco\": 400,\n      \"descricao\": \"Our peacock-friendly Car ensures staid comfort for your pets\",\n      \"quantidade\": 77,\n      \"_id\": \"PDeKoQbKhqWmpJy3\"\n    },\n    {\n      \"nome\": \"Modern Steel Chair\",\n      \"preco\": 283,\n      \"descricao\": \"Discover the giraffe-like agility of our Mouse, perfect for gloomy users\",\n      \"quantidade\": 100,\n      \"_id\": \"PE0xZeUIphsWrRoc\"\n    },\n    {\n      \"nome\": \"Awesome Concrete Shirt\",\n      \"preco\": 742,\n      \"descricao\": \"New silver Computer with ergonomic design for firsthand comfort\",\n      \"quantidade\": 67,\n      \"_id\": \"PHAvnIytlKRy27qv\"\n    },\n    {\n      \"nome\": \"Soft Concrete Sausages\",\n      \"preco\": 3,\n      \"descricao\": \"Experience the grey brilliance of our Pants, perfect for juicy environments\",\n      \"quantidade\": 26,\n      \"_id\": \"Pfk3VHl5gVlzGjPX\"\n    },\n    {\n      \"nome\": \"Intelligent Bamboo Hat\",\n      \"preco\": 412,\n      \"descricao\": \"The Bettye Shoes is the latest in a series of pushy products from Haley, Kirlin and Larson\",\n      \"quantidade\": 45,\n      \"_id\": \"PjchLxoWnFhvfEZ3\"\n    },\n    {\n      \"nome\": \"Bug Pro Max - uyC\",\n      \"preco\": 99,\n      \"descricao\": \"O melhor spray anti-bug do mercado. Cada spray elimina um bug de produção\",\n      \"quantidade\": 10,\n      \"imagem\": \"C:\\\\fakepath\\\\bugProMax.jpg\",\n      \"_id\": \"PwjoE41S3nIFLS17\"\n    },\n    {\n      \"nome\": \"Gorgeous Metal Tuna\",\n      \"preco\": 242,\n      \"descricao\": \"New Bacon model with 69 GB RAM, 526 GB storage, and imaginary features\",\n      \"quantidade\": 81,\n      \"_id\": \"PzVZzYOTKG46gEbG\"\n    },\n    {\n      \"nome\": \"Bug Pro Max - jOH- Novo nome\",\n      \"preco\": 9,\n      \"descricao\": \"O melhor spray anti-bug do mercado. Cada spray elimina um bug de produção\",\n      \"quantidade\": 1,\n      \"imagem\": \"C:\\\\fakepath\\\\bugProMax.jpg\",\n      \"_id\": \"QErsOwfpMmn9ORXP\"\n    },\n    {\n      \"nome\": \"Bug Pro Max - mge\",\n      \"preco\": 99,\n      \"descricao\": \"O melhor spray anti-bug do mercado. Cada spray elimina um bug de produção\",\n      \"quantidade\": 10,\n      \"imagem\": \"C:\\\\fakepath\\\\bugProMax.jpg\",\n      \"_id\": \"QmlZV6JZsaAvrOPN\"\n    },\n    {\n      \"nome\": \"Bug Pro Max - a9a\",\n      \"preco\": 99,\n      \"descricao\": \"O melhor spray anti-bug do mercado. Cada spray elimina um bug de produção\",\n      \"quantidade\": 10,\n      \"imagem\": \"C:\\\\fakepath\\\\bugProMax.jpg\",\n      \"_id\": \"QoZ860CzxhSD8CiT\"\n    },\n    {\n      \"nome\": \"Bug Pro Max - fD6\",\n      \"preco\": 99,\n      \"descricao\": \"O melhor spray anti-bug do mercado. Cada spray elimina um bug de produção\",\n      \"quantidade\": 10,\n      \"imagem\": \"C:\\\\fakepath\\\\bugProMax.jpg\",\n      \"_id\": \"R0sErPkZ0nqC35je\"\n    },\n    {\n      \"nome\": \"Bug Pro Max - 3Kc\",\n      \"preco\": 99,\n      \"descricao\": \"O melhor spray anti-bug do mercado. Cada spray elimina um bug de produção\",\n      \"quantidade\": 10,\n      \"imagem\": \"C:\\\\fakepath\\\\bugProMax.jpg\",\n      \"_id\": \"R9TihXs7a5Zvm03U\"\n    },\n    {\n      \"nome\": \"Small Steel Sausages\",\n      \"preco\": 100,\n      \"descricao\": \"Discover the dolphin-like agility of our Gloves, perfect for querulous users\",\n      \"quantidade\": 100,\n      \"_id\": \"RX0fQBHQ0T6yeFtM\"\n    },\n    {\n      \"nome\": \"Produto 40332 Ultra\",\n      \"preco\": 24,\n      \"descricao\": \"Produto de teste - compatível com todos os sistemas modernos.\",\n      \"quantidade\": 72,\n      \"_id\": \"RfbgWQfnQpq6AHp2\"\n    },\n    {\n      \"nome\": \"Handcrafted Silk Gloves\",\n      \"preco\": 718,\n      \"descricao\": \"The teal Ball combines Liberia aesthetics with Radium-based durability\",\n      \"quantidade\": 69,\n      \"_id\": \"RsUGenZExROHV2CH\"\n    },\n    {\n      \"nome\": \"Bug Pro Max - lAS\",\n      \"preco\": 99,\n      \"descricao\": \"O melhor spray anti-bug do mercado. Cada spray elimina um bug de produção\",\n      \"quantidade\": 10,\n      \"imagem\": \"C:\\\\fakepath\\\\bugProMax.jpg\",\n      \"_id\": \"Rz1DCwOtg1VVzPcX\"\n    },\n    {\n      \"nome\": \"teste\",\n      \"preco\": 11,\n      \"descricao\": \"teste qa \",\n      \"quantidade\": 11,\n      \"_id\": \"S26DhCbmWsEWMfzx\"\n    },\n    {\n      \"nome\": \"Xbox One\",\n      \"preco\": 1500,\n      \"descricao\": \"Console\",\n      \"quantidade\": 3,\n      \"_id\": \"SA8Qk61DvMbqrph9\"\n    },\n    {\n      \"nome\": \"Bug Pro Max - RPt\",\n      \"preco\": 99,\n      \"descricao\": \"O melhor spray anti-bug do mercado. Cada spray elimina um bug de produção\",\n      \"quantidade\": 10,\n      \"imagem\": \"C:\\\\fakepath\\\\bugProMax.jpg\",\n      \"_id\": \"SLFPHjaK05SzmnhY\"\n    },\n    {\n      \"nome\": \"Bug Pro Max - hnV\",\n      \"preco\": 99,\n      \"descricao\": \"O melhor spray anti-bug do mercado. Cada spray elimina um bug de produção\",\n      \"quantidade\": 10,\n      \"imagem\": \"C:\\\\fakepath\\\\bugProMax.jpg\",\n      \"_id\": \"Sb6um5wYArzP4AlA\"\n    },\n    {\n      \"nome\": \"Soft Metal Bacon\",\n      \"preco\": 856,\n      \"descricao\": \"Stylish Chips designed to make you stand out with severe looks\",\n      \"quantidade\": 50,\n      \"_id\": \"SieYALatj3syw5AQ\"\n    },\n    {\n      \"nome\": \"Bug Pro Max - XiK\",\n      \"preco\": 99,\n      \"descricao\": \"O melhor spray anti-bug do mercado. Cada spray elimina um bug de produção\",\n      \"quantidade\": 10,\n      \"imagem\": \"C:\\\\fakepath\\\\bugProMax.jpg\",\n      \"_id\": \"T15e0HlvHzRTBJkF\"\n    },\n    {\n      \"nome\": \"Produto_14303\",\n      \"preco\": 74,\n      \"descricao\": \"Produto de teste - desenvolvido com foco em alta performance.\",\n      \"quantidade\": 4,\n      \"_id\": \"T68mbli4CBi0cIO8\"\n    },\n    {\n      \"nome\": \"Bug Pro Max - gXS\",\n      \"preco\": 9,\n      \"descricao\": \"O melhor spray anti-bug do mercado. Cada spray elimina um bug de produção\",\n      \"quantidade\": 1,\n      \"imagem\": \"C:\\\\fakepath\\\\bugProMax.jpg\",\n      \"_id\": \"TL9AkMwQblyWg5ex\"\n    },\n    {\n      \"nome\": \"Arroz Verão\",\n      \"preco\": 3,\n      \"descricao\": \"A água mineral Crystal é uma marca de água mineral que vem de fontes naturais e é vendida em garrafas PET e copos.\",\n      \"quantidade\": 24,\n      \"imagem\": \"C:\\\\fakepath\\\\Agua mineral.jpg\",\n      \"_id\": \"TSPVM67O77TQ0dHS\"\n    },\n    {\n      \"nome\": \"Intelligent Metal Ball\",\n      \"preco\": 253,\n      \"descricao\": \"Savor the rich essence in our Fish, designed for moral culinary adventures\",\n      \"quantidade\": 87,\n      \"_id\": \"TW1bU1ppSs90oEkD\"\n    },\n    {\n      \"nome\": \"Bug Pro Max - fkQ\",\n      \"preco\": 99,\n      \"descricao\": \"O melhor spray anti-bug do mercado. Cada spray elimina um bug de produção\",\n      \"quantidade\": 10,\n      \"imagem\": \"C:\\\\fakepath\\\\bugProMax.jpg\",\n      \"_id\": \"TxXQ64YdNMqO0llM\"\n    },\n    {\n      \"nome\": \"Tasty Ceramic Shirt\",\n      \"preco\": 100,\n      \"descricao\": \"Discover the parrot-like agility of our Salad, perfect for warm users\",\n      \"quantidade\": 95,\n      \"_id\": \"U5c1Pu7pRkH2C67F\"\n    },\n    {\n      \"nome\": \"Fantastic Wooden Bacon\",\n      \"preco\": 165,\n      \"descricao\": \"New Car model with 66 GB RAM, 2 GB storage, and quintessential features\",\n      \"quantidade\": 73,\n      \"_id\": \"UUlTZg21qXSmqluc\"\n    },\n    {\n      \"nome\": \"Bespoke Aluminum Cheese\",\n      \"preco\": 159,\n      \"descricao\": \"Savor the juicy essence in our Shoes, designed for fake culinary adventures\",\n      \"quantidade\": 15,\n      \"_id\": \"UZ4qKibhkXa30bO3\"\n    },\n    {\n      \"nome\": \"Produto_37326\",\n      \"preco\": 99,\n      \"descricao\": \"Produto de teste\",\n      \"quantidade\": 10,\n      \"_id\": \"UxvUQpTg8rOOg2N0\"\n    },\n    {\n      \"nome\": \"Refined Aluminum Ball\",\n      \"preco\": 229,\n      \"descricao\": \"Experience the teal brilliance of our Table, perfect for overdue environments\",\n      \"quantidade\": 40,\n      \"_id\": \"Uy9ukPW0X3D35Xem\"\n    },\n    {\n      \"nome\": \"Bug Pro Max - PR9\",\n      \"preco\": 99,\n      \"descricao\": \"O melhor spray anti-bug do mercado. Cada spray elimina um bug de produção\",\n      \"quantidade\": 10,\n      \"imagem\": \"C:\\\\fakepath\\\\bugProMax.jpg\",\n      \"_id\": \"VEz6PAKvs2rKexTc\"\n    },\n    {\n      \"nome\": \"Bug Pro Max - sL8\",\n      \"preco\": 99,\n      \"descricao\": \"O melhor spray anti-bug do mercado. Cada spray elimina um bug de produção\",\n      \"quantidade\": 10,\n      \"imagem\": \"C:\\\\fakepath\\\\bugProMax.jpg\",\n      \"_id\": \"VUASntj11EuIagvS\"\n    },\n    {\n      \"nome\": \"Bug Pro Max - YdM\",\n      \"preco\": 99,\n      \"descricao\": \"O melhor spray anti-bug do mercado. Cada spray elimina um bug de produção\",\n      \"quantidade\": 10,\n      \"imagem\": \"C:\\\\fakepath\\\\bugProMax.jpg\",\n      \"_id\": \"VUZGnIUam9ztctVz\"\n    },\n    {\n      \"nome\": \"Bug Pro Max - DHJ\",\n      \"preco\": 99,\n      \"descricao\": \"O melhor spray anti-bug do mercado. Cada spray elimina um bug de produção\",\n      \"quantidade\": 10,\n      \"imagem\": \"C:\\\\fakepath\\\\bugProMax.jpg\",\n      \"_id\": \"VVJnv8rat5vaVU39\"\n    },\n    {\n      \"nome\": \"Bug Pro Max - tE1\",\n      \"preco\": 99,\n      \"descricao\": \"O melhor spray anti-bug do mercado. Cada spray elimina um bug de produção\",\n      \"quantidade\": 10,\n      \"imagem\": \"C:\\\\fakepath\\\\bugProMax.jpg\",\n      \"_id\": \"VcThECOHaDqM3icN\"\n    },\n    {\n      \"nome\": \"Bug Pro Max - NBi\",\n      \"preco\": 9,\n      \"descricao\": \"O melhor spray anti-bug do mercado. Cada spray elimina um bug de produção\",\n      \"quantidade\": 1,\n      \"imagem\": \"C:\\\\fakepath\\\\bugProMax.jpg\",\n      \"_id\": \"VocFRAQz2Byc7kMq\"\n    },\n    {\n      \"nome\": \"Bug Pro Max - YWg\",\n      \"preco\": 9,\n      \"descricao\": \"O melhor spray anti-bug do mercado. Cada spray elimina um bug de produção\",\n      \"quantidade\": 1,\n      \"imagem\": \"C:\\\\fakepath\\\\bugProMax.jpg\",\n      \"_id\": \"Vr1yJ2nhjsKnenhM\"\n    },\n    {\n      \"nome\": \"Bug Pro Max - xzR\",\n      \"preco\": 99,\n      \"descricao\": \"O melhor spray anti-bug do mercado. Cada spray elimina um bug de produção\",\n      \"quantidade\": 10,\n      \"imagem\": \"C:\\\\fakepath\\\\bugProMax.jpg\",\n      \"_id\": \"WlxWSuJab2IJftTe\"\n    },\n    {\n      \"nome\": \"produto exemplos 9010\",\n      \"preco\": 100,\n      \"descricao\": \"produto de teste\",\n      \"quantidade\": 250,\n      \"_id\": \"WqCP6xt4B3C3nf9E\"\n    },\n    {\n      \"nome\": \"Bug Pro Max - NsC\",\n      \"preco\": 99,\n      \"descricao\": \"O melhor spray anti-bug do mercado. Cada spray elimina um bug de produção\",\n      \"quantidade\": 10,\n      \"imagem\": \"C:\\\\fakepath\\\\bugProMax.jpg\",\n      \"_id\": \"Wrxk7ydvSTTd4BH5\"\n    },\n    {\n      \"nome\": \"Bug Pro Max - sCE\",\n      \"preco\": 99,\n      \"descricao\": \"O melhor spray anti-bug do mercado. Cada spray elimina um bug de produção\",\n      \"quantidade\": 10,\n      \"imagem\": \"C:\\\\fakepath\\\\bugProMax.jpg\",\n      \"_id\": \"Xai2p2NSrjksuUQX\"\n    },\n    {\n      \"nome\": \"Bug Pro Max - AKn\",\n      \"preco\": 99,\n      \"descricao\": \"O melhor spray anti-bug do mercado. Cada spray elimina um bug de produção\",\n      \"quantidade\": 10,\n      \"imagem\": \"C:\\\\fakepath\\\\bugProMax.jpg\",\n      \"_id\": \"XulStFGY0sc2iBBk\"\n    },\n    {\n      \"nome\": \"Produto_64244\",\n      \"preco\": 99,\n      \"descricao\": \"Produto de teste\",\n      \"quantidade\": 10,\n      \"_id\": \"Y1u20VmhbRkZlXAT\"\n    },\n    {\n      \"nome\": \"Frozen Silk Gloves\",\n      \"preco\": 100,\n      \"descricao\": \"Our shark-friendly Bacon ensures everlasting comfort for your pets\",\n      \"quantidade\": 86,\n      \"_id\": \"Y5kFGYmmrgBoIoT1\"\n    },\n    {\n      \"nome\": \"Bug Pro Max - PjS\",\n      \"preco\": 9,\n      \"descricao\": \"O melhor spray anti-bug do mercado. Cada spray elimina um bug de produção\",\n      \"quantidade\": 1,\n      \"imagem\": \"C:\\\\fakepath\\\\bugProMax.jpg\",\n      \"_id\": \"Y8U1AsbqqqYhIZ6N\"\n    },\n    {\n      \"nome\": \"Fresh Steel Fish\",\n      \"preco\": 368,\n      \"descricao\": \"Ergonomic Computer made with Wooden for all-day dead support\",\n      \"quantidade\": 5,\n      \"_id\": \"YE9SZ8doynoN7ZAY\"\n    },\n    {\n      \"nome\": \"Bug Pro Max - Y3Z\",\n      \"preco\": 99,\n      \"descricao\": \"O melhor spray anti-bug do mercado. Cada spray elimina um bug de produção\",\n      \"quantidade\": 10,\n      \"imagem\": \"C:\\\\fakepath\\\\bugProMax.jpg\",\n      \"_id\": \"YdPhZutJt1lUfz7H\"\n    },\n    {\n      \"nome\": \"Bug Pro Max - YID\",\n      \"preco\": 99,\n      \"descricao\": \"O melhor spray anti-bug do mercado. Cada spray elimina um bug de produção\",\n      \"quantidade\": 10,\n      \"imagem\": \"C:\\\\fakepath\\\\bugProMax.jpg\",\n      \"_id\": \"YklUvveDW8TgGYIJ\"\n    },\n    {\n      \"nome\": \"Bug Pro Max - bUz\",\n      \"preco\": 99,\n      \"descricao\": \"O melhor spray anti-bug do mercado. Cada spray elimina um bug de produção\",\n      \"quantidade\": 10,\n      \"imagem\": \"C:\\\\fakepath\\\\bugProMax.jpg\",\n      \"_id\": \"YmWl1VvkEYFfa6hu\"\n    },\n    {\n      \"nome\": \"Refined Bronze Chicken\",\n      \"preco\": 220,\n      \"descricao\": \"Discover the horse-like agility of our Computer, perfect for lighthearted users\",\n      \"quantidade\": 76,\n      \"_id\": \"Z8XQk0sYdbvpepj4\"\n    },\n    {\n      \"nome\": \"Awesome Metal Soap\",\n      \"preco\": 351,\n      \"descricao\": \"The Miles Pizza is the latest in a series of same products from McCullough, Schamberger and Johns\",\n      \"quantidade\": 35,\n      \"_id\": \"ZMvHNUv8L5k9K7vn\"\n    },\n    {\n      \"nome\": \"Elegant Wooden Soap\",\n      \"preco\": 100,\n      \"descricao\": \"Stylish Cheese designed to make you stand out with confused looks\",\n      \"quantidade\": 100,\n      \"_id\": \"Zjio7M3bhVzKgVaC\"\n    },\n    {\n      \"nome\": \"Vinho Frescor\",\n      \"preco\": 3,\n      \"descricao\": \"Produto natural, direto da fonte para sua mesa.\",\n      \"quantidade\": 24,\n      \"imagem\": \"C:\\\\fakepath\\\\Agua mineral.jpg\",\n      \"_id\": \"ZotCiacD7pEnnU2w\"\n    },\n    {\n      \"nome\": \"Bug Pro Max - Oaj\",\n      \"preco\": 99,\n      \"descricao\": \"O melhor spray anti-bug do mercado. Cada spray elimina um bug de produção\",\n      \"quantidade\": 10,\n      \"imagem\": \"C:\\\\fakepath\\\\bugProMax.jpg\",\n      \"_id\": \"a73FdVMYvzFeQiut\"\n    },\n    {\n      \"nome\": \"Bug Pro Max - pmB\",\n      \"preco\": 99,\n      \"descricao\": \"O melhor spray anti-bug do mercado. Cada spray elimina um bug de produção\",\n      \"quantidade\": 10,\n      \"imagem\": \"C:\\\\fakepath\\\\bugProMax.jpg\",\n      \"_id\": \"a7jSmZzmVGfcCvfH\"\n    },\n    {\n      \"nome\": \"Bug Pro Max 8 - xUl\",\n      \"preco\": 99,\n      \"descricao\": \"O melhor spray anti-bug do mercado. Cada spray elimina um bug de produção\",\n      \"quantidade\": 10,\n      \"imagem\": \"C:\\\\fakepath\\\\bugProMax.jpg\",\n      \"_id\": \"aAkb4aP8fR2iQFBK\"\n    },\n    {\n      \"nome\": \"Unbranded Bamboo Pizza\",\n      \"preco\": 823,\n      \"descricao\": \"Discover the avaricious new Ball with an exciting mix of Metal ingredients\",\n      \"quantidade\": 54,\n      \"_id\": \"aBYTuUOcAmdnWEqN\"\n    },\n    {\n      \"nome\": \"Generic Bamboo Shirt\",\n      \"preco\": 758,\n      \"descricao\": \"Introducing the Switzerland-inspired Fish, blending ragged style with local craftsmanship\",\n      \"quantidade\": 97,\n      \"_id\": \"aMZP8JYOlO7IAR5c\"\n    },\n    {\n      \"nome\": \"Vinho Lima\",\n      \"preco\": 3,\n      \"descricao\": \"Sabor incrível com o melhor custo-benefício.\",\n      \"quantidade\": 24,\n      \"imagem\": \"C:\\\\fakepath\\\\Agua mineral.jpg\",\n      \"_id\": \"bGMTNJ2qi0Rla8IM\"\n    },\n    {\n      \"nome\": \"Logitech teste 01 ggg g Sauer Group\",\n      \"preco\": 470,\n      \"descricao\": \"Mouse\",\n      \"quantidade\": 381,\n      \"_id\": \"bLJabRYMYk6uHYXh\"\n    },\n    {\n      \"nome\": \"Tasty Silk Salad\",\n      \"preco\": 90,\n      \"descricao\": \"The violet Chicken combines Malawi aesthetics with Lead-based durability\",\n      \"quantidade\": 64,\n      \"_id\": \"bSA9qtMjf0cuKtYo\"\n    },\n    {\n      \"nome\": \"Soft Ceramic Gloves\",\n      \"preco\": 732,\n      \"descricao\": \"Introducing the Chile-inspired Chips, blending infatuated style with local craftsmanship\",\n      \"quantidade\": 50,\n      \"_id\": \"bXYBU6Kx3MN5oBD7\"\n    },\n    {\n      \"nome\": \"Fresh Gold Car\",\n      \"preco\": 59,\n      \"descricao\": \"Stylish Car designed to make you stand out with close looks\",\n      \"quantidade\": 54,\n      \"_id\": \"c4vTas1PZnwxAYsn\"\n    },\n    {\n      \"nome\": \"Bug Pro Max - da3\",\n      \"preco\": 99,\n      \"descricao\": \"O melhor spray anti-bug do mercado. Cada spray elimina um bug de produção\",\n      \"quantidade\": 10,\n      \"imagem\": \"C:\\\\fakepath\\\\bugProMax.jpg\",\n      \"_id\": \"cHYXnMjKCDuClXuC\"\n    },\n    {\n      \"nome\": \"Bug Pro Max - Lly\",\n      \"preco\": 99,\n      \"descricao\": \"O melhor spray anti-bug do mercado. Cada spray elimina um bug de produção\",\n      \"quantidade\": 10,\n      \"imagem\": \"C:\\\\fakepath\\\\bugProMax.jpg\",\n      \"_id\": \"cP1ztMngfN2YzG7m\"\n    },\n    {\n      \"nome\": \"Bug Pro Max - Yho\",\n      \"preco\": 99,\n      \"descricao\": \"O melhor spray anti-bug do mercado. Cada spray elimina um bug de produção\",\n      \"quantidade\": 10,\n      \"imagem\": \"C:\\\\fakepath\\\\bugProMax.jpg\",\n      \"_id\": \"cQmiGKud9IPRFvMz\"\n    },\n    {\n      \"nome\": \"Bug Pro Max - S6i\",\n      \"preco\": 99,\n      \"descricao\": \"O melhor spray anti-bug do mercado. Cada spray elimina um bug de produção\",\n      \"quantidade\": 10,\n      \"imagem\": \"C:\\\\fakepath\\\\bugProMax.jpg\",\n      \"_id\": \"cp0vBSdoAE4OBBpl\"\n    },\n    {\n      \"nome\": \"Bug Pro Max - bNc\",\n      \"preco\": 99,\n      \"descricao\": \"O melhor spray anti-bug do mercado. Cada spray elimina um bug de produção\",\n      \"quantidade\": 10,\n      \"imagem\": \"C:\\\\fakepath\\\\bugProMax.jpg\",\n      \"_id\": \"d3bwMu0Y7eOteIzH\"\n    },\n    {\n      \"nome\": \"Bug Pro Max - Ao8\",\n      \"preco\": 99,\n      \"descricao\": \"O melhor spray anti-bug do mercado. Cada spray elimina um bug de produção\",\n      \"quantidade\": 10,\n      \"imagem\": \"C:\\\\fakepath\\\\bugProMax.jpg\",\n      \"_id\": \"dCFsJF2TWI83sJdm\"\n    },\n    {\n      \"nome\": \"Bug Pro Max - 9vZ\",\n      \"preco\": 9,\n      \"descricao\": \"O melhor spray anti-bug do mercado. Cada spray elimina um bug de produção\",\n      \"quantidade\": 1,\n      \"imagem\": \"C:\\\\fakepath\\\\bugProMax.jpg\",\n      \"_id\": \"dL7ahQPBerbvI0D7\"\n    },\n    {\n      \"nome\": \"Bug Pro Max - wrh\",\n      \"preco\": 99,\n      \"descricao\": \"O melhor spray anti-bug do mercado. Cada spray elimina um bug de produção\",\n      \"quantidade\": 10,\n      \"imagem\": \"C:\\\\fakepath\\\\bugProMax.jpg\",\n      \"_id\": \"dc9T840cG7OFsP7u\"\n    },\n    {\n      \"nome\": \"Bug Pro Max - xhe\",\n      \"preco\": 9,\n      \"descricao\": \"O melhor spray anti-bug do mercado. Cada spray elimina um bug de produção\",\n      \"quantidade\": 1,\n      \"imagem\": \"C:\\\\fakepath\\\\bugProMax.jpg\",\n      \"_id\": \"dqlVJjJFKp4HmKQZ\"\n    },\n    {\n      \"nome\": \"Bug Pro Max 8 - HYI\",\n      \"preco\": 99,\n      \"descricao\": \"O melhor spray anti-bug do mercado. Cada spray elimina um bug de produção\",\n      \"quantidade\": 10,\n      \"imagem\": \"C:\\\\fakepath\\\\bugProMax.jpg\",\n      \"_id\": \"dzMJ6VIjkrQC6ca8\"\n    },\n    {\n      \"nome\": \"Bug Pro Max - jOH\",\n      \"preco\": 9,\n      \"descricao\": \"O melhor spray anti-bug do mercado. Cada spray elimina um bug de produção\",\n      \"quantidade\": 1,\n      \"imagem\": \"C:\\\\fakepath\\\\bugProMax.jpg\",\n      \"_id\": \"e9jxV3sUdVxzpDXZ\"\n    },\n    {\n      \"nome\": \"Fone de ouvido3\",\n      \"preco\": 800,\n      \"descricao\": \"FonePeter\",\n      \"quantidade\": 777,\n      \"_id\": \"eaUz5ow70hGA7a49\"\n    },\n    {\n      \"nome\": \"Produto_43242\",\n      \"preco\": 99,\n      \"descricao\": \"Produto de teste\",\n      \"quantidade\": 10,\n      \"_id\": \"ebfDCA5GMIDplhMA\"\n    },\n    {\n      \"nome\": \"Bug Pro Max 8 - fRW\",\n      \"preco\": 99,\n      \"descricao\": \"O melhor spray anti-bug do mercado. Cada spray elimina um bug de produção\",\n      \"quantidade\": 10,\n      \"imagem\": \"C:\\\\fakepath\\\\bugProMax.jpg\",\n      \"_id\": \"eeHaTR5x3DmXzZvw\"\n    },\n    {\n      \"nome\": \"GameBoy\",\n      \"preco\": 500,\n      \"descricao\": \"Console\",\n      \"quantidade\": 10,\n      \"_id\": \"f9FhzF0kKBH3h2vC\"\n    },\n    {\n      \"nome\": \"Produto_67380\",\n      \"preco\": 98,\n      \"descricao\": \"Produto de teste - desenvolvido com foco em alta performance.\",\n      \"quantidade\": 2,\n      \"_id\": \"fL5sRzpiRJxfy4nC\"\n    },\n    {\n      \"nome\": \"Produto_66108\",\n      \"preco\": 72,\n      \"descricao\": \"Produto de teste - desenvolvido com foco em alta performance.\",\n      \"quantidade\": 10,\n      \"_id\": \"fNn42DjhGBfOrwN6\"\n    },\n    {\n      \"nome\": \"Bug Pro Max - Oyv\",\n      \"preco\": 99,\n      \"descricao\": \"O melhor spray anti-bug do mercado. Cada spray elimina um bug de produção\",\n      \"quantidade\": 10,\n      \"imagem\": \"C:\\\\fakepath\\\\bugProMax.jpg\",\n      \"_id\": \"fP2RL0jZfqRFMJTS\"\n    },\n    {\n      \"nome\": \"Produto_11036\",\n      \"preco\": 73,\n      \"descricao\": \"Produto de teste - desenvolvido com foco em alta performance.\",\n      \"quantidade\": 3,\n      \"_id\": \"fuSDsC1Pq7n4vY3W\"\n    },\n    {\n      \"nome\": \"Fantastic Gold Gloves\",\n      \"preco\": 228,\n      \"descricao\": \"Innovative Pants featuring scaly technology and Plastic construction\",\n      \"quantidade\": 46,\n      \"_id\": \"gGzhC6ugTDEjC95I\"\n    },\n    {\n      \"nome\": \"Bug Pro Max - 4Q1\",\n      \"preco\": 99,\n      \"descricao\": \"O melhor spray anti-bug do mercado. Cada spray elimina um bug de produção\",\n      \"quantidade\": 10,\n      \"imagem\": \"C:\\\\fakepath\\\\bugProMax.jpg\",\n      \"_id\": \"gV5dcnGWsmKsoXQp\"\n    },\n    {\n      \"nome\": \"Handcrafted Bronze Computer\",\n      \"preco\": 135,\n      \"descricao\": \"Handmade Chips designed with Plastic for powerless performance\",\n      \"quantidade\": 51,\n      \"_id\": \"gYPfhEncURZwUxiF\"\n    },\n    {\n      \"nome\": \"Elegant Rubber Chips\",\n      \"preco\": 100,\n      \"descricao\": \"The Implemented 24/7 matrices Pizza offers reliable performance and gracious design\",\n      \"quantidade\": 95,\n      \"_id\": \"gjroISuWoGAQdIzu\"\n    },\n    {\n      \"nome\": \"Practical Gold Mouse\",\n      \"preco\": 982,\n      \"descricao\": \"Innovative Hat featuring hopeful technology and Plastic construction\",\n      \"quantidade\": 18,\n      \"_id\": \"h1FsqwFbBGZ3yDkd\"\n    },\n    {\n      \"nome\": \"Refined Granite Car\",\n      \"preco\": 792,\n      \"descricao\": \"Introducing the Uruguay-inspired Soap, blending instructive style with local craftsmanship\",\n      \"quantidade\": 6,\n      \"_id\": \"h2lvNlH3VLSwUhkn\"\n    },\n    {\n      \"nome\": \"Fresh Cotton Towels\",\n      \"preco\": 100,\n      \"descricao\": \"Savor the smoky essence in our Chips, designed for multicolored culinary adventures\",\n      \"quantidade\": 100,\n      \"_id\": \"h5fClFY5C4nlOOk4\"\n    },\n    {\n      \"nome\": \"Fantastic Steel Computer\",\n      \"preco\": 245,\n      \"descricao\": \"The Apollotech B340 is an affordable wireless mouse with reliable connectivity, 12 months battery life and modern design\",\n      \"quantidade\": 1,\n      \"imagem\": \"C:\\\\fakepath\\\\miamiGuardHouse.png\",\n      \"_id\": \"hEifufbTaUP4b5kU\"\n    },\n    {\n      \"nome\": \"Vinho Crystal\",\n      \"preco\": 3,\n      \"descricao\": \"A melhor opção para quem busca praticidade e sabor.\",\n      \"quantidade\": 24,\n      \"imagem\": \"C:\\\\fakepath\\\\Agua mineral.jpg\",\n      \"_id\": \"heIHvhgIe4NZdNQu\"\n    },\n    {\n      \"nome\": \"Bug Pro Max - iPM\",\n      \"preco\": 99,\n      \"descricao\": \"O melhor spray anti-bug do mercado. Cada spray elimina um bug de produção\",\n      \"quantidade\": 10,\n      \"imagem\": \"C:\\\\fakepath\\\\bugProMax.jpg\",\n      \"_id\": \"hjz2Hfqj5ydmBhAS\"\n    },\n    {\n      \"nome\": \"Bug Pro Max - uGM\",\n      \"preco\": 9,\n      \"descricao\": \"O melhor spray anti-bug do mercado. Cada spray elimina um bug de produção\",\n      \"quantidade\": 1,\n      \"imagem\": \"C:\\\\fakepath\\\\bugProMax.jpg\",\n      \"_id\": \"hlxcLeSvx8841Enw\"\n    },\n    {\n      \"nome\": \"Bug Pro Max - q6H\",\n      \"preco\": 99,\n      \"descricao\": \"O melhor spray anti-bug do mercado. Cada spray elimina um bug de produção\",\n      \"quantidade\": 10,\n      \"imagem\": \"C:\\\\fakepath\\\\bugProMax.jpg\",\n      \"_id\": \"hx0LAqicCNjqjCTI\"\n    },\n    {\n      \"nome\": \"Bug Pro Max - Wpc\",\n      \"preco\": 9,\n      \"descricao\": \"O melhor spray anti-bug do mercado. Cada spray elimina um bug de produção\",\n      \"quantidade\": 1,\n      \"imagem\": \"C:\\\\fakepath\\\\bugProMax.jpg\",\n      \"_id\": \"hxtqMSV9nSEEUPua\"\n    },\n    {\n      \"nome\": \"Bug Pro Max - 7re\",\n      \"preco\": 99,\n      \"descricao\": \"O melhor spray anti-bug do mercado. Cada spray elimina um bug de produção\",\n      \"quantidade\": 10,\n      \"imagem\": \"C:\\\\fakepath\\\\bugProMax.jpg\",\n      \"_id\": \"i6w6e21e2OghK4OA\"\n    },\n    {\n      \"nome\": \"Produto_21717\",\n      \"preco\": 99,\n      \"descricao\": \"Produto de teste\",\n      \"quantidade\": 10,\n      \"_id\": \"iROb7YcWfZ891Mwq\"\n    },\n    {\n      \"nome\": \"Bug Pro Max - dWN\",\n      \"preco\": 99,\n      \"descricao\": \"O melhor spray anti-bug do mercado. Cada spray elimina um bug de produção\",\n      \"quantidade\": 10,\n      \"imagem\": \"C:\\\\fakepath\\\\bugProMax.jpg\",\n      \"_id\": \"iTxVQ2njw9Le4WH0\"\n    },\n    {\n      \"nome\": \"Luxurious Aluminum Sausages\",\n      \"preco\": 98,\n      \"descricao\": \"The sleek and bright Chair comes with orange LED lighting for smart functionality\",\n      \"quantidade\": 40,\n      \"_id\": \"iTyh37dudTfkGoUN\"\n    },\n    {\n      \"nome\": \"Bug Pro Max 8 - Mp8\",\n      \"preco\": 99,\n      \"descricao\": \"O melhor spray anti-bug do mercado. Cada spray elimina um bug de produção\",\n      \"quantidade\": 10,\n      \"imagem\": \"C:\\\\fakepath\\\\bugProMax.jpg\",\n      \"_id\": \"iZSdiCaKiQMVDxqA\"\n    },\n    {\n      \"nome\": \"E madrugado To com sono\",\n      \"preco\": 1000,\n      \"descricao\": \"ho god\",\n      \"quantidade\": 100,\n      \"_id\": \"ivHBJDErbeEtthQy\"\n    },\n    {\n      \"nome\": \"Produto_8222\",\n      \"preco\": 99,\n      \"descricao\": \"Produto de teste\",\n      \"quantidade\": 10,\n      \"_id\": \"j367KFKB9zKtD9kL\"\n    },\n    {\n      \"nome\": \"Intelligent Granite Cheese\",\n      \"preco\": 761,\n      \"descricao\": \"The Multi-tiered fault-tolerant hardware Pizza offers reliable performance and impressionable design\",\n      \"quantidade\": 47,\n      \"_id\": \"j6WcDV9gXQzNJAsn\"\n    },\n    {\n      \"nome\": \"Bug Pro Max - e7y\",\n      \"preco\": 9,\n      \"descricao\": \"O melhor spray anti-bug do mercado. Cada spray elimina um bug de produção\",\n      \"quantidade\": 1,\n      \"imagem\": \"C:\\\\fakepath\\\\bugProMax.jpg\",\n      \"_id\": \"jdhLNL72DVmujU93\"\n    },\n    {\n      \"nome\": \"Luxurious Steel Chips\",\n      \"preco\": 790,\n      \"descricao\": \"The white Mouse combines Jersey aesthetics with Boron-based durability\",\n      \"quantidade\": 21,\n      \"_id\": \"jtyqMFJjYtJv9tN6\"\n    },\n    {\n      \"nome\": \"Bug Pro Max 8 - S32\",\n      \"preco\": 99,\n      \"descricao\": \"O melhor spray anti-bug do mercado. Cada spray elimina um bug de produção\",\n      \"quantidade\": 10,\n      \"imagem\": \"C:\\\\fakepath\\\\bugProMax.jpg\",\n      \"_id\": \"jzRMcA4fG6FOSNzh\"\n    },\n    {\n      \"nome\": \"Awesome Plastic Towels\",\n      \"preco\": 100,\n      \"descricao\": \"Watsica - Kunze's most advanced Towels technology increases standard capabilities\",\n      \"quantidade\": 100,\n      \"_id\": \"k1612ZJqL3XtbUiN\"\n    },\n    {\n      \"nome\": \"Carrinhos de corrida\",\n      \"preco\": 15,\n      \"descricao\": \"este e um carrinho muito bom e top \",\n      \"quantidade\": 2,\n      \"_id\": \"kFfGu0DFvt3r8mZY\"\n    },\n    {\n      \"nome\": \"Bug Pro Max - NzC\",\n      \"preco\": 99,\n      \"descricao\": \"O melhor spray anti-bug do mercado. Cada spray elimina um bug de produção\",\n      \"quantidade\": 10,\n      \"imagem\": \"C:\\\\fakepath\\\\bugProMax.jpg\",\n      \"_id\": \"kOBHem1X6mNpr5dR\"\n    },\n    {\n      \"nome\": \"Bug Pro Max - FOK\",\n      \"preco\": 99,\n      \"descricao\": \"O melhor spray anti-bug do mercado. Cada spray elimina um bug de produção\",\n      \"quantidade\": 10,\n      \"imagem\": \"C:\\\\fakepath\\\\bugProMax.jpg\",\n      \"_id\": \"kb52iVAhL7CQ1KNq\"\n    },\n    {\n      \"nome\": \"Bug Pro Max - UJa\",\n      \"preco\": 99,\n      \"descricao\": \"O melhor spray anti-bug do mercado. Cada spray elimina um bug de produção\",\n      \"quantidade\": 10,\n      \"imagem\": \"C:\\\\fakepath\\\\bugProMax.jpg\",\n      \"_id\": \"khdYn02f06hjZw1x\"\n    },\n    {\n      \"nome\": \"Bug Pro Max - WAm\",\n      \"preco\": 99,\n      \"descricao\": \"O melhor spray anti-bug do mercado. Cada spray elimina um bug de produção\",\n      \"quantidade\": 10,\n      \"imagem\": \"C:\\\\fakepath\\\\bugProMax.jpg\",\n      \"_id\": \"kt3TcdpfSxhpkeSj\"\n    },\n    {\n      \"nome\": \"Bug Pro Max - Arn\",\n      \"preco\": 99,\n      \"descricao\": \"O melhor spray anti-bug do mercado. Cada spray elimina um bug de produção\",\n      \"quantidade\": 10,\n      \"imagem\": \"C:\\\\fakepath\\\\bugProMax.jpg\",\n      \"_id\": \"kzdP93RaulsepecS\"\n    },\n    {\n      \"nome\": \"Licensed Steel Bike\",\n      \"preco\": 100,\n      \"descricao\": \"New Chair model with 87 GB RAM, 685 GB storage, and infinite features\",\n      \"quantidade\": 100,\n      \"_id\": \"lB9RqrWM02ETedsF\"\n    },\n    {\n      \"nome\": \"Bug Pro Max - pGL\",\n      \"preco\": 99,\n      \"descricao\": \"O melhor spray anti-bug do mercado. Cada spray elimina um bug de produção\",\n      \"quantidade\": 10,\n      \"imagem\": \"C:\\\\fakepath\\\\bugProMax.jpg\",\n      \"_id\": \"lEzjexAVovWfZIsI\"\n    },\n    {\n      \"nome\": \"Bug Pro Max - jk7\",\n      \"preco\": 99,\n      \"descricao\": \"O melhor spray anti-bug do mercado. Cada spray elimina um bug de produção\",\n      \"quantidade\": 10,\n      \"imagem\": \"C:\\\\fakepath\\\\bugProMax.jpg\",\n      \"_id\": \"lWrAU1kQXcpeXxel\"\n    },\n    {\n      \"nome\": \"Recycled Silk Soap\",\n      \"preco\": 100,\n      \"descricao\": \"Discover the frog-like agility of our Car, perfect for shy users\",\n      \"quantidade\": 100,\n      \"_id\": \"le9VlCFquf01jjA0\"\n    },\n    {\n      \"nome\": \"Bug Pro Max - hOx\",\n      \"preco\": 9,\n      \"descricao\": \"O melhor spray anti-bug do mercado. Cada spray elimina um bug de produção\",\n      \"quantidade\": 1,\n      \"imagem\": \"C:\\\\fakepath\\\\bugProMax.jpg\",\n      \"_id\": \"lt2zlxm3vpIzBlyv\"\n    },\n    {\n      \"nome\": \"Bug Pro Max - WrZ\",\n      \"preco\": 99,\n      \"descricao\": \"O melhor spray anti-bug do mercado. Cada spray elimina um bug de produção\",\n      \"quantidade\": 10,\n      \"imagem\": \"C:\\\\fakepath\\\\bugProMax.jpg\",\n      \"_id\": \"m03hUCyeMI0fKpx1\"\n    },\n    {\n      \"nome\": \"Bug Pro Max - 5ib\",\n      \"preco\": 99,\n      \"descricao\": \"O melhor spray anti-bug do mercado. Cada spray elimina um bug de produção\",\n      \"quantidade\": 10,\n      \"imagem\": \"C:\\\\fakepath\\\\bugProMax.jpg\",\n      \"_id\": \"m71xRb4r7YvDUR4F\"\n    },\n    {\n      \"nome\": \"Produto_74846\",\n      \"preco\": 99,\n      \"descricao\": \"Produto de teste\",\n      \"quantidade\": 10,\n      \"_id\": \"mApOvgVeHw6Be6mw\"\n    },\n    {\n      \"nome\": \"Bug Pro Max - 9Yn\",\n      \"preco\": 99,\n      \"descricao\": \"O melhor spray anti-bug do mercado. Cada spray elimina um bug de produção\",\n      \"quantidade\": 10,\n      \"imagem\": \"C:\\\\fakepath\\\\bugProMax.jpg\",\n      \"_id\": \"mGPGdQ07iVUlgWLo\"\n    },\n    {\n      \"nome\": \"Produto_7080\",\n      \"preco\": 65,\n      \"descricao\": \"Produto de teste - desenvolvido com foco em alta performance.\",\n      \"quantidade\": 7,\n      \"_id\": \"mMipSnoiH0Xa1vSy\"\n    },\n    {\n      \"nome\": \"Gorgeous Ceramic Computer\",\n      \"preco\": 650,\n      \"descricao\": \"The Brain Shoes is the latest in a series of improbable products from Kunze - Doyle\",\n      \"quantidade\": 66,\n      \"_id\": \"ml2FjghrDEjWPDsz\"\n    },\n    {\n      \"nome\": \"Luxurious Bamboo Cheese\",\n      \"preco\": 423,\n      \"descricao\": \"Our rabbit-friendly Chicken ensures best comfort for your pets\",\n      \"quantidade\": 94,\n      \"_id\": \"mxytJO9hKUIony0E\"\n    },\n    {\n      \"nome\": \"Bug Pro Max - V6m\",\n      \"preco\": 99,\n      \"descricao\": \"O melhor spray anti-bug do mercado. Cada spray elimina um bug de produção\",\n      \"quantidade\": 10,\n      \"imagem\": \"C:\\\\fakepath\\\\bugProMax.jpg\",\n      \"_id\": \"n3LLe6rU9kvOhhfH\"\n    },\n    {\n      \"nome\": \"Bug Pro Max - NdS\",\n      \"preco\": 99,\n      \"descricao\": \"O melhor spray anti-bug do mercado. Cada spray elimina um bug de produção\",\n      \"quantidade\": 10,\n      \"imagem\": \"C:\\\\fakepath\\\\bugProMax.jpg\",\n      \"_id\": \"n4mz5qvAUOXoOa2R\"\n    },\n    {\n      \"nome\": \"Bug Pro Max - kt6\",\n      \"preco\": 99,\n      \"descricao\": \"O melhor spray anti-bug do mercado. Cada spray elimina um bug de produção\",\n      \"quantidade\": 10,\n      \"imagem\": \"C:\\\\fakepath\\\\bugProMax.jpg\",\n      \"_id\": \"nLltIG0iCCxCqYro\"\n    },\n    {\n      \"nome\": \"Chocolate Frescor\",\n      \"preco\": 3,\n      \"descricao\": \"Sabor incrível com o melhor custo-benefício.\",\n      \"quantidade\": 24,\n      \"imagem\
[...]
  {\n      \"nome\": \"Bug Pro Max - kt6\",\n      \"preco\": 99,\n      \"descricao\": \"O melhor spray anti-bug do mercado. Cada spray elimina um bug de produção\",\n      \"quantidade\": 10,\n      \"imagem\": \"C:\\\\fakepath\\\\bugProMax.jpg\",\n      \"_id\": \"nLltIG0iCCxCqYro\"\n    },\n    {\n      \"nome\": \"Chocolate Frescor\",\n      \"preco\": 3,\n      \"descricao\": \"Sabor incrível com o melhor custo-benefício.\",\n      \"quantidade\": 24,\n      \"imagem\": \"C:\\\\fakepath\\\\Agua mineral.jpg\",\n      \"_id\": \"nell7TTKIwJXj80X\"\n    },\n    {\n      \"nome\": \"Bug Pro Max - XNs\",\n      \"preco\": 99,\n      \"descricao\": \"O melhor spray anti-bug do mercado. Cada spray elimina um bug de produção\",\n      \"quantidade\": 10,\n      \"imagem\": \"C:\\\\fakepath\\\\bugProMax.jpg\",\n      \"_id\": \"o3pafsWWL0zco0hm\"\n    },\n    {\n      \"nome\": \"produto 1\",\n      \"preco\": 10,\n      \"descricao\": \"Console\",\n      \"quantidade\": 10,\n      \"_id\": \"oKaff1QWVAfOGc3D\"\n    },\n    {\n      \"nome\": \"Bug Pro Max - oS7\",\n      \"preco\": 99,\n      \"descricao\": \"O melhor spray anti-bug do mercado. Cada spray elimina um bug de produção\",\n      \"quantidade\": 10,\n      \"imagem\": \"C:\\\\fakepath\\\\bugProMax.jpg\",\n      \"_id\": \"oRTi7iqqcqz6iWgQ\"\n    },\n    {\n      \"nome\": \"Produto_9764\",\n      \"preco\": 99,\n      \"descricao\": \"Produto de teste\",\n      \"quantidade\": 10,\n      \"_id\": \"ojZWdUyUI5bGLmSB\"\n    },\n    {\n      \"nome\": \"Produto_54586\",\n      \"preco\": 12,\n      \"descricao\": \"Produto de teste\",\n      \"quantidade\": 68,\n      \"_id\": \"oofWqRyBmpJ2iztT\"\n    },\n    {\n      \"nome\": \"Bug Pro Max - u5a\",\n      \"preco\": 99,\n      \"descricao\": \"O melhor spray anti-bug do mercado. Cada spray elimina um bug de produção\",\n      \"quantidade\": 10,\n      \"imagem\": \"C:\\\\fakepath\\\\bugProMax.jpg\",\n      \"_id\": \"pAOPf2Jr15qcLLh9\"\n    },\n    {\n      \"nome\": \"Bug Pro Max - dUf\",\n      \"preco\": 99,\n      \"descricao\": \"O melhor spray anti-bug do mercado. Cada spray elimina um bug de produção\",\n      \"quantidade\": 10,\n      \"imagem\": \"C:\\\\fakepath\\\\bugProMax.jpg\",\n      \"_id\": \"pOzqj33XwzyS9rtP\"\n    },\n    {\n      \"nome\": \"Produto 13893 Ultra\",\n      \"preco\": 15,\n      \"descricao\": \"Produto de teste - compatível com todos os sistemas modernos.\",\n      \"quantidade\": 86,\n      \"_id\": \"pYFRk6b9gKrfX9DM\"\n    },\n    {\n      \"nome\": \"Bug Pro Max\",\n      \"preco\": 1,\n      \"descricao\": \"1\",\n      \"quantidade\": 0,\n      \"_id\": \"q3LyMTkFq4mPac0s\"\n    },\n    {\n      \"nome\": \"Bug Pro Max - obe\",\n      \"preco\": 99,\n      \"descricao\": \"O melhor spray anti-bug do mercado. Cada spray elimina um bug de produção\",\n      \"quantidade\": 10,\n      \"imagem\": \"C:\\\\fakepath\\\\bugProMax.jpg\",\n      \"_id\": \"q7UPq4bMqHdsa1Pk\"\n    },\n    {\n      \"nome\": \"Mapa Inferno\",\n      \"preco\": 3,\n      \"descricao\": \"Jogo\",\n      \"quantidade\": 1000,\n      \"_id\": \"qHNxjo5ejBbfVn01\"\n    },\n    {\n      \"nome\": \"Bug Pro Max - w7u\",\n      \"preco\": 99,\n      \"descricao\": \"O melhor spray anti-bug do mercado. Cada spray elimina um bug de produção\",\n      \"quantidade\": 10,\n      \"imagem\": \"C:\\\\fakepath\\\\bugProMax.jpg\",\n      \"_id\": \"qPx6efJOBzVdmSim\"\n    },\n    {\n      \"nome\": \"Bug Pro Max - 29t\",\n      \"preco\": 99,\n      \"descricao\": \"O melhor spray anti-bug do mercado. Cada spray elimina um bug de produção\",\n      \"quantidade\": 10,\n      \"imagem\": \"C:\\\\fakepath\\\\bugProMax.jpg\",\n      \"_id\": \"qRZYgbKkMyR08f5S\"\n    },\n    {\n      \"nome\": \"Bug Pro Max - SiR\",\n      \"preco\": 9,\n      \"descricao\": \"O melhor spray anti-bug do mercado. Cada spray elimina um bug de produção\",\n      \"quantidade\": 1,\n      \"imagem\": \"C:\\\\fakepath\\\\bugProMax.jpg\",\n      \"_id\": \"qYMrLxy9dlcIosp4\"\n    },\n    {\n      \"nome\": \"Bug Pro Max - fLC\",\n      \"preco\": 99,\n      \"descricao\": \"O melhor spray anti-bug do mercado. Cada spray elimina um bug de produção\",\n      \"quantidade\": 10,\n      \"imagem\": \"C:\\\\fakepath\\\\bugProMax.jpg\",\n      \"_id\": \"rZn2MutWHQVPJbvU\"\n    },\n    {\n      \"nome\": \"Handcrafted Granite Cheese\",\n      \"preco\": 871,\n      \"descricao\": \"Our peacock-friendly Fish ensures paltry comfort for your pets\",\n      \"quantidade\": 83,\n      \"_id\": \"rxDKk0kM3PVbnUOd\"\n    },\n    {\n      \"nome\": \"Vinho Natural\",\n      \"preco\": 3,\n      \"descricao\": \"A água mineral Crystal é uma marca de água mineral que vem de fontes naturais e é vendida em garrafas PET e copos.\",\n      \"quantidade\": 24,\n      \"imagem\": \"C:\\\\fakepath\\\\Agua mineral.jpg\",\n      \"_id\": \"s1ydyP8uRYYFXsi4\"\n    },\n    {\n      \"nome\": \"Handcrafted Marble Pants\",\n      \"preco\": 676,\n      \"descricao\": \"Our elephant-friendly Ball ensures burly comfort for your pets\",\n      \"quantidade\": 73,\n      \"_id\": \"sKNljlTwI6Eq9fQ2\"\n    },\n    {\n      \"nome\": \"Bug Pro Max - Fhq\",\n      \"preco\": 9,\n      \"descricao\": \"O melhor spray anti-bug do mercado. Cada spray elimina um bug de produção\",\n      \"quantidade\": 1,\n      \"imagem\": \"C:\\\\fakepath\\\\bugProMax.jpg\",\n      \"_id\": \"sUqItJRAOUb4evaS\"\n    },\n    {\n      \"nome\": \"Small Bronze Sausages\",\n      \"preco\": 617,\n      \"descricao\": \"Awesome Towels designed with Silk for memorable performance\",\n      \"quantidade\": 95,\n      \"_id\": \"sZunb3TfNuyeds68\"\n    },\n    {\n      \"nome\": \"testeeeee\",\n      \"preco\": 12,\n      \"descricao\": \"12\",\n      \"quantidade\": 12,\n      \"_id\": \"tL0jgVvHmjuRJDYJ\"\n    },\n    {\n      \"nome\": \"Intelligent Bronze Bike\",\n      \"preco\": 285,\n      \"descricao\": \"Discover the polar bear-like agility of our Mouse, perfect for sore users\",\n      \"quantidade\": 37,\n      \"_id\": \"tbCajEgGPTfUfRWM\"\n    },\n    {\n      \"nome\": \"Bug Pro Max - k9F\",\n      \"preco\": 99,\n      \"descricao\": \"O melhor spray anti-bug do mercado. Cada spray elimina um bug de produção\",\n      \"quantidade\": 10,\n      \"imagem\": \"C:\\\\fakepath\\\\bugProMax.jpg\",\n      \"_id\": \"tdlBAY4EdU2aonJ4\"\n    },\n    {\n      \"nome\": \"Fantastic Ceramic Computer\",\n      \"preco\": 214,\n      \"descricao\": \"Our rabbit-friendly Salad ensures small comfort for your pets\",\n      \"quantidade\": 26,\n      \"_id\": \"tetvAbPNDsIm0oV6\"\n    },\n    {\n      \"nome\": \"Bug Pro Max - DtO\",\n      \"preco\": 9,\n      \"descricao\": \"O melhor spray anti-bug do mercado. Cada spray elimina um bug de produção\",\n      \"quantidade\": 1,\n      \"imagem\": \"C:\\\\fakepath\\\\bugProMax.jpg\",\n      \"_id\": \"u2V6v6VrGGFsXRnn\"\n    },\n    {\n      \"nome\": \"Produto_81312\",\n      \"preco\": 37,\n      \"descricao\": \"Produto de teste - desenvolvido com foco em alta performance.\",\n      \"quantidade\": 5,\n      \"_id\": \"uWsvfpEbocj3wQ9J\"\n    },\n    {\n      \"nome\": \"Bug Pro Max - fJ2\",\n      \"preco\": 99,\n      \"descricao\": \"O melhor spray anti-bug do mercado. Cada spray elimina um bug de produção\",\n      \"quantidade\": 10,\n      \"imagem\": \"C:\\\\fakepath\\\\bugProMax.jpg\",\n      \"_id\": \"uf2yHOnnUVkSmiiq\"\n    },\n    {\n      \"nome\": \"Produto 33925 Ultra\",\n      \"preco\": 1,\n      \"descricao\": \"Produto de teste - compatível com todos os sistemas modernos.\",\n      \"quantidade\": 99,\n      \"_id\": \"urIWDFxnbxVRROYE\"\n    },\n    {\n      \"nome\": \"Bug Pro Max - BiR\",\n      \"preco\": 99,\n      \"descricao\": \"O melhor spray anti-bug do mercado. Cada spray elimina um bug de produção\",\n      \"quantidade\": 10,\n      \"imagem\": \"C:\\\\fakepath\\\\bugProMax.jpg\",\n      \"_id\": \"v0jsVtB3lvkuqwCn\"\n    },\n    {\n      \"nome\": \"Modern Gold Computer\",\n      \"preco\": 598,\n      \"descricao\": \"Ergonomic Cheese made with Marble for all-day basic support\",\n      \"quantidade\": 9,\n      \"_id\": \"vz4uHay3bQGaOb3T\"\n    },\n    {\n      \"nome\": \"Bug Pro Max - pFC\",\n      \"preco\": 99,\n      \"descricao\": \"O melhor spray anti-bug do mercado. Cada spray elimina um bug de produção\",\n      \"quantidade\": 10,\n      \"imagem\": \"C:\\\\fakepath\\\\bugProMax.jpg\",\n      \"_id\": \"w3mep3TjoVE6R76e\"\n    },\n    {\n      \"nome\": \"Bug Pro Max - ypy\",\n      \"preco\": 9,\n      \"descricao\": \"O melhor spray anti-bug do mercado. Cada spray elimina um bug de produção\",\n      \"quantidade\": 1,\n      \"imagem\": \"C:\\\\fakepath\\\\bugProMax.jpg\",\n      \"_id\": \"wHODnIx0uLR3uCZ9\"\n    },\n    {\n      \"nome\": \"Bug Pro Max - Zlo\",\n      \"preco\": 99,\n      \"descricao\": \"O melhor spray anti-bug do mercado. Cada spray elimina um bug de produção\",\n      \"quantidade\": 10,\n      \"imagem\": \"C:\\\\fakepath\\\\bugProMax.jpg\",\n      \"_id\": \"wLPzpLEe7cjqS45U\"\n    },\n    {\n      \"nome\": \"Bug Pro Max - Spw\",\n      \"preco\": 99,\n      \"descricao\": \"O melhor spray anti-bug do mercado. Cada spray elimina um bug de produção\",\n      \"quantidade\": 10,\n      \"imagem\": \"C:\\\\fakepath\\\\bugProMax.jpg\",\n      \"_id\": \"wVVzTH6U1rT4F9Dc\"\n    },\n    {\n      \"nome\": \"Bug Pro Max - Vgn\",\n      \"preco\": 9,\n      \"descricao\": \"O melhor spray anti-bug do mercado. Cada spray elimina um bug de produção\",\n      \"quantidade\": 1,\n      \"_id\": \"wxs8U6svCQM7fUOe\"\n    },\n    {\n      \"nome\": \"Handmade Granite Chicken\",\n      \"preco\": 234,\n      \"descricao\": \"Discover the tense new Tuna with an exciting mix of Wooden ingredients\",\n      \"quantidade\": 81,\n      \"_id\": \"wyVWiuV3NUd44OXy\"\n    },\n    {\n      \"nome\": \"Bug Pro Max - CzJ\",\n      \"preco\": 99,\n      \"descricao\": \"O melhor spray anti-bug do mercado. Cada spray elimina um bug de produção\",\n      \"quantidade\": 10,\n      \"imagem\": \"C:\\\\fakepath\\\\bugProMax.jpg\",\n      \"_id\": \"x3CXIeJjLQhoOiaN\"\n    },\n    {\n      \"nome\": \"Bug Pro Max - 531\",\n      \"preco\": 99,\n      \"descricao\": \"O melhor spray anti-bug do mercado. Cada spray elimina um bug de produção\",\n      \"quantidade\": 10,\n      \"imagem\": \"C:\\\\fakepath\\\\bugProMax.jpg\",\n      \"_id\": \"xGKTL1Ygjgn6ETJ8\"\n    },\n    {\n      \"nome\": \"Bug Pro Max - Ktn\",\n      \"preco\": 99,\n      \"descricao\": \"O melhor spray anti-bug do mercado. Cada spray elimina um bug de produção\",\n      \"quantidade\": 10,\n      \"imagem\": \"C:\\\\fakepath\\\\bugProMax.jpg\",\n      \"_id\": \"xHzetKbfBHWChqXB\"\n    },\n    {\n      \"nome\": \"Modern Granite Chair\",\n      \"preco\": 100,\n      \"descricao\": \"Modern Tuna designed with Cotton for white performance\",\n      \"quantidade\": 0,\n      \"_id\": \"xbcbYx2Y2x0S0J7Q\"\n    },\n    {\n      \"nome\": \"Bug Pro Max - A4W\",\n      \"preco\": 9,\n      \"descricao\": \"O melhor spray anti-bug do mercado. Cada spray elimina um bug de produção\",\n      \"quantidade\": 1,\n      \"imagem\": \"C:\\\\fakepath\\\\bugProMax.jpg\",\n      \"_id\": \"xomCXevXgxP9fQ96\"\n    },\n    {\n      \"nome\": \"produto de teste\",\n      \"preco\": 2,\n      \"descricao\": \"2\",\n      \"quantidade\": 2,\n      \"_id\": \"xywNbtjSFTHGq5ol\"\n    },\n    {\n      \"nome\": \"Bespoke Marble Gloves\",\n      \"preco\": 100,\n      \"descricao\": \"Stylish Gloves designed to make you stand out with secret looks\",\n      \"quantidade\": 100,\n      \"_id\": \"yFXcEOsabVn14aO5\"\n    },\n    {\n      \"nome\": \"Fantastic Bronze Salad\",\n      \"preco\": 954,\n      \"descricao\": \"New Tuna model with 31 GB RAM, 518 GB storage, and enchanting features\",\n      \"quantidade\": 19,\n      \"_id\": \"yQNqO52iKQwu895U\"\n    },\n    {\n      \"nome\": \"Arroz Natural\",\n      \"preco\": 3,\n      \"descricao\": \"Sabor incrível com o melhor custo-benefício.\",\n      \"quantidade\": 24,\n      \"imagem\": \"C:\\\\fakepath\\\\Agua mineral.jpg\",\n      \"_id\": \"yQiBPbjPV2i61Zh3\"\n    },\n    {\n      \"nome\": \"Bug Pro Max - 81r\",\n      \"preco\": 99,\n      \"descricao\": \"O melhor spray anti-bug do mercado. Cada spray elimina um bug de produção\",\n      \"quantidade\": 10,\n      \"imagem\": \"C:\\\\fakepath\\\\bugProMax.jpg\",\n      \"_id\": \"yV7yWgzzFJFsY5rk\"\n    },\n    {\n      \"nome\": \"Bug Pro Max - OPo\",\n      \"preco\": 99,\n      \"descricao\": \"O melhor spray anti-bug do mercado. Cada spray elimina um bug de produção\",\n      \"quantidade\": 10,\n      \"imagem\": \"C:\\\\fakepath\\\\bugProMax.jpg\",\n      \"_id\": \"ycwkMZjVM03HWJ2O\"\n    },\n    {\n      \"nome\": \"Licensed Bamboo Chicken\",\n      \"preco\": 643,\n      \"descricao\": \"Awesome Shirt designed with Cotton for slight performance\",\n      \"quantidade\": 95,\n      \"_id\": \"yhzT59mpvHVCe5DK\"\n    }\n  ]\n}\n\n[1] \"produtos[2].imagem\" is not allowed\n    at exports.process (node_modules\\joi\\lib\\errors.js:193:16)\n    at internals.entry (node_modules\\joi\\lib\\validator.js:250:26)\n    at exports.entry (node_modules\\joi\\lib\\validator.js:27:30)\n    at internals.Base.validate (node_modules\\joi\\lib\\base.js:548:26)\n    at internals.assert (node_modules\\joi\\lib\\index.js:225:27)\n    at Object.assert (node_modules\\joi\\lib\\index.js:102:19)\n    at Context.<anonymous> (test\\users\\product.test.js:12:9)\n    at process.processTicksAndRejections (node:internal/process/task_queues:95:5)",
                "diff": null
              },
              "uuid": "4bfa4af3-be2d-4ef1-adea-8fb4d6e66bfc",
              "parentUUID": "1cb89d81-2ad6-4e66-a6c3-991aeaec41cf",
              "isHook": false,
              "skipped": false
            }
          ],
          "suites": [],
          "passes": [],
          "failures": [
            "4bfa4af3-be2d-4ef1-adea-8fb4d6e66bfc"
          ],
          "pending": [],
          "skipped": [],
          "duration": 629,
          "root": false,
          "rootEmpty": false,
          "_timeout": 30000
        },
        {
          "uuid": "fc933e9d-baad-48f4-8401-94a9662ffa6e",
          "title": "Register User",
          "fullFile": "D:\\Projetos\\api\\serveRest_api\\test\\users\\registerUser.test.js",
          "file": "\\test\\users\\registerUser.test.js",
          "beforeHooks": [],
          "afterHooks": [],
          "tests": [
            {
              "title": "Register User Success",
              "fullTitle": "Register User Register User Success",
              "timedOut": false,
              "duration": 320,
              "state": "passed",
              "speed": "slow",
              "pass": true,
              "fail": false,
              "pending": false,
              "context": null,
              "code": "const reqUserBody = createUserBody()\nconst response = await registerUser(reqUserBody)\nexpect(response.status).to.be.eql(201)\nJoi.assert(response.body, schema.registerUserSchema)",
              "err": {},
              "uuid": "e57a69e0-4e4f-41f4-942a-c69447a5a4a1",
              "parentUUID": "fc933e9d-baad-48f4-8401-94a9662ffa6e",
              "isHook": false,
              "skipped": false
            },
            {
              "title": "Register User Invalid Name",
              "fullTitle": "Register User Register User Invalid Name",
              "timedOut": false,
              "duration": 559,
              "state": "passed",
              "speed": "slow",
              "pass": true,
              "fail": false,
              "pending": false,
              "context": null,
              "code": "const reqUserBody = createUserBody({ nome: \"\" })\nconst response = await registerUser(reqUserBody)\nexpect(response.status).to.be.eql(400)\nexpect(response.body.nome).to.be.eql(ERROR_MESSAGES.nome)",
              "err": {},
              "uuid": "f4dddd2d-a3dd-47dd-b1c8-1309a950c4fe",
              "parentUUID": "fc933e9d-baad-48f4-8401-94a9662ffa6e",
              "isHook": false,
              "skipped": false
            },
            {
              "title": "Register User Invalid Email",
              "fullTitle": "Register User Register User Invalid Email",
              "timedOut": false,
              "duration": 324,
              "state": "passed",
              "speed": "slow",
              "pass": true,
              "fail": false,
              "pending": false,
              "context": null,
              "code": "const reqUserBody = createUserBody({ email: \"\" })\nconst response = await registerUser(reqUserBody)\nexpect(response.status).to.be.eql(400)\nexpect(response.body.email).to.be.eql(ERROR_MESSAGES.email)",
              "err": {},
              "uuid": "ff45d531-d710-4607-91b9-10198b76ad98",
              "parentUUID": "fc933e9d-baad-48f4-8401-94a9662ffa6e",
              "isHook": false,
              "skipped": false
            },
            {
              "title": "Register User Invalid Password",
              "fullTitle": "Register User Register User Invalid Password",
              "timedOut": false,
              "duration": 318,
              "state": "passed",
              "speed": "slow",
              "pass": true,
              "fail": false,
              "pending": false,
              "context": null,
              "code": "const reqUserBody = createUserBody({ password: \"\" })\nconst response = await registerUser(reqUserBody)\nexpect(response.status).to.be.eql(400)\nexpect(response.body.password).to.be.eql(ERROR_MESSAGES.password)",
              "err": {},
              "uuid": "fe254e57-9344-4797-a3dd-f61dd1505abf",
              "parentUUID": "fc933e9d-baad-48f4-8401-94a9662ffa6e",
              "isHook": false,
              "skipped": false
            },
            {
              "title": "Register User Invalid Administrator",
              "fullTitle": "Register User Register User Invalid Administrator",
              "timedOut": false,
              "duration": 307,
              "state": "passed",
              "speed": "slow",
              "pass": true,
              "fail": false,
              "pending": false,
              "context": null,
              "code": "const reqUserBody = createUserBody({ administrador: \"\" })\nconst response = await registerUser(reqUserBody)\nexpect(response.status).to.be.eql(400)\nexpect(response.body.administrador).to.be.eql(ERROR_MESSAGES.administrador)",
              "err": {},
              "uuid": "95092ebf-760a-429d-bfbf-0d5d18146734",
              "parentUUID": "fc933e9d-baad-48f4-8401-94a9662ffa6e",
              "isHook": false,
              "skipped": false
            }
          ],
          "suites": [],
          "passes": [
            "e57a69e0-4e4f-41f4-942a-c69447a5a4a1",
            "f4dddd2d-a3dd-47dd-b1c8-1309a950c4fe",
            "ff45d531-d710-4607-91b9-10198b76ad98",
            "fe254e57-9344-4797-a3dd-f61dd1505abf",
            "95092ebf-760a-429d-bfbf-0d5d18146734"
          ],
          "failures": [],
          "pending": [],
          "skipped": [],
          "duration": 1828,
          "root": false,
          "rootEmpty": false,
          "_timeout": 30000
        }
      ],
      "passes": [],
      "failures": [],
      "pending": [],
      "skipped": [],
      "duration": 0,
      "root": true,
      "rootEmpty": true,
      "_timeout": 30000
    }
  ],
  "meta": {
    "mocha": {
      "version": "11.0.1"
    },
    "mochawesome": {
      "options": {
        "quiet": false,
        "reportFilename": "mochawesome",
        "saveHtml": true,
        "saveJson": true,
        "consoleReporter": "spec",
        "useInlineDiffs": false,
        "code": true
      },
      "version": "7.1.3"
    },
    "marge": {
      "options": {
        "[object Object]": true
      },
      "version": "6.2.0"
    }
  }
}